[2022-03-18 02:35:00,001] {processor.py:163} INFO - Started process (PID=33) to work on /airflow/dags/demo.py
[2022-03-18 02:35:00,004] {processor.py:642} INFO - Processing file /airflow/dags/demo.py for tasks to queue
[2022-03-18 02:35:00,005] {logging_mixin.py:109} INFO - [2022-03-18 02:35:00,005] {dagbag.py:500} INFO - Filling up the DagBag from /airflow/dags/demo.py
[2022-03-18 02:35:00,052] {processor.py:654} INFO - DAG(s) dict_keys(['demo_pipeline']) retrieved from /airflow/dags/demo.py
[2022-03-18 02:35:00,068] {logging_mixin.py:109} INFO - [2022-03-18 02:35:00,068] {dag.py:2398} INFO - Sync 1 DAGs
[2022-03-18 02:35:00,092] {logging_mixin.py:109} INFO - [2022-03-18 02:35:00,092] {dag.py:2937} INFO - Setting next_dagrun for demo_pipeline to None
[2022-03-18 02:35:00,128] {processor.py:171} INFO - Processing /airflow/dags/demo.py took 0.131 seconds
[2022-03-18 02:35:30,893] {processor.py:163} INFO - Started process (PID=129) to work on /airflow/dags/demo.py
[2022-03-18 02:35:30,895] {processor.py:642} INFO - Processing file /airflow/dags/demo.py for tasks to queue
[2022-03-18 02:35:30,896] {logging_mixin.py:109} INFO - [2022-03-18 02:35:30,896] {dagbag.py:500} INFO - Filling up the DagBag from /airflow/dags/demo.py
[2022-03-18 02:35:30,934] {processor.py:654} INFO - DAG(s) dict_keys(['demo_pipeline']) retrieved from /airflow/dags/demo.py
[2022-03-18 02:35:30,951] {logging_mixin.py:109} INFO - [2022-03-18 02:35:30,951] {dag.py:2398} INFO - Sync 1 DAGs
[2022-03-18 02:35:30,973] {logging_mixin.py:109} INFO - [2022-03-18 02:35:30,973] {dag.py:2937} INFO - Setting next_dagrun for demo_pipeline to None
[2022-03-18 02:35:31,017] {processor.py:171} INFO - Processing /airflow/dags/demo.py took 0.126 seconds
[2022-03-18 02:37:03,431] {processor.py:163} INFO - Started process (PID=34) to work on /airflow/dags/demo.py
[2022-03-18 02:37:03,432] {processor.py:642} INFO - Processing file /airflow/dags/demo.py for tasks to queue
[2022-03-18 02:37:03,434] {logging_mixin.py:109} INFO - [2022-03-18 02:37:03,433] {dagbag.py:500} INFO - Filling up the DagBag from /airflow/dags/demo.py
[2022-03-18 02:37:03,476] {processor.py:654} INFO - DAG(s) dict_keys(['demo_pipeline']) retrieved from /airflow/dags/demo.py
[2022-03-18 02:37:03,494] {logging_mixin.py:109} INFO - [2022-03-18 02:37:03,494] {dag.py:2398} INFO - Sync 1 DAGs
[2022-03-18 02:37:03,516] {logging_mixin.py:109} INFO - [2022-03-18 02:37:03,516] {dag.py:2937} INFO - Setting next_dagrun for demo_pipeline to None
[2022-03-18 02:37:03,560] {processor.py:171} INFO - Processing /airflow/dags/demo.py took 0.131 seconds
[2022-03-18 02:37:34,568] {processor.py:163} INFO - Started process (PID=130) to work on /airflow/dags/demo.py
[2022-03-18 02:37:34,570] {processor.py:642} INFO - Processing file /airflow/dags/demo.py for tasks to queue
[2022-03-18 02:37:34,572] {logging_mixin.py:109} INFO - [2022-03-18 02:37:34,572] {dagbag.py:500} INFO - Filling up the DagBag from /airflow/dags/demo.py
[2022-03-18 02:37:34,612] {processor.py:654} INFO - DAG(s) dict_keys(['demo_pipeline']) retrieved from /airflow/dags/demo.py
[2022-03-18 02:37:34,629] {logging_mixin.py:109} INFO - [2022-03-18 02:37:34,629] {dag.py:2398} INFO - Sync 1 DAGs
[2022-03-18 02:37:34,650] {logging_mixin.py:109} INFO - [2022-03-18 02:37:34,650] {dag.py:2937} INFO - Setting next_dagrun for demo_pipeline to None
[2022-03-18 02:37:34,690] {processor.py:171} INFO - Processing /airflow/dags/demo.py took 0.125 seconds
[2022-03-18 02:38:05,688] {processor.py:163} INFO - Started process (PID=131) to work on /airflow/dags/demo.py
[2022-03-18 02:38:05,690] {processor.py:642} INFO - Processing file /airflow/dags/demo.py for tasks to queue
[2022-03-18 02:38:05,691] {logging_mixin.py:109} INFO - [2022-03-18 02:38:05,691] {dagbag.py:500} INFO - Filling up the DagBag from /airflow/dags/demo.py
[2022-03-18 02:38:05,729] {processor.py:654} INFO - DAG(s) dict_keys(['demo_pipeline']) retrieved from /airflow/dags/demo.py
[2022-03-18 02:38:05,744] {logging_mixin.py:109} INFO - [2022-03-18 02:38:05,744] {dag.py:2398} INFO - Sync 1 DAGs
[2022-03-18 02:38:05,759] {logging_mixin.py:109} INFO - [2022-03-18 02:38:05,759] {dag.py:2937} INFO - Setting next_dagrun for demo_pipeline to None
[2022-03-18 02:38:05,793] {processor.py:171} INFO - Processing /airflow/dags/demo.py took 0.108 seconds
[2022-03-18 02:43:10,112] {processor.py:163} INFO - Started process (PID=32) to work on /airflow/dags/demo.py
[2022-03-18 02:43:10,114] {processor.py:642} INFO - Processing file /airflow/dags/demo.py for tasks to queue
[2022-03-18 02:43:10,117] {logging_mixin.py:109} INFO - [2022-03-18 02:43:10,116] {dagbag.py:500} INFO - Filling up the DagBag from /airflow/dags/demo.py
[2022-03-18 02:43:10,153] {processor.py:654} INFO - DAG(s) dict_keys(['demo_pipeline']) retrieved from /airflow/dags/demo.py
[2022-03-18 02:43:10,172] {logging_mixin.py:109} INFO - [2022-03-18 02:43:10,172] {dag.py:2398} INFO - Sync 1 DAGs
[2022-03-18 02:43:10,202] {logging_mixin.py:109} INFO - [2022-03-18 02:43:10,202] {dag.py:2937} INFO - Setting next_dagrun for demo_pipeline to None
[2022-03-18 02:43:10,248] {processor.py:171} INFO - Processing /airflow/dags/demo.py took 0.139 seconds
[2022-03-18 02:50:06,646] {processor.py:163} INFO - Started process (PID=243) to work on /airflow/dags/demo.py
[2022-03-18 02:50:06,648] {processor.py:642} INFO - Processing file /airflow/dags/demo.py for tasks to queue
[2022-03-18 02:50:06,649] {logging_mixin.py:109} INFO - [2022-03-18 02:50:06,649] {dagbag.py:500} INFO - Filling up the DagBag from /airflow/dags/demo.py
[2022-03-18 02:50:06,678] {processor.py:654} INFO - DAG(s) dict_keys(['demo_pipeline']) retrieved from /airflow/dags/demo.py
[2022-03-18 02:50:06,698] {logging_mixin.py:109} INFO - [2022-03-18 02:50:06,698] {dag.py:2398} INFO - Sync 1 DAGs
[2022-03-18 02:50:06,715] {logging_mixin.py:109} INFO - [2022-03-18 02:50:06,715] {dag.py:2937} INFO - Setting next_dagrun for demo_pipeline to None
[2022-03-18 02:50:06,748] {processor.py:171} INFO - Processing /airflow/dags/demo.py took 0.104 seconds
[2022-03-18 02:50:37,108] {processor.py:163} INFO - Started process (PID=244) to work on /airflow/dags/demo.py
[2022-03-18 02:50:37,110] {processor.py:642} INFO - Processing file /airflow/dags/demo.py for tasks to queue
[2022-03-18 02:50:37,111] {logging_mixin.py:109} INFO - [2022-03-18 02:50:37,111] {dagbag.py:500} INFO - Filling up the DagBag from /airflow/dags/demo.py
[2022-03-18 02:50:37,139] {processor.py:654} INFO - DAG(s) dict_keys(['demo_pipeline']) retrieved from /airflow/dags/demo.py
[2022-03-18 02:50:37,153] {logging_mixin.py:109} INFO - [2022-03-18 02:50:37,153] {dag.py:2398} INFO - Sync 1 DAGs
[2022-03-18 02:50:37,168] {logging_mixin.py:109} INFO - [2022-03-18 02:50:37,168] {dag.py:2937} INFO - Setting next_dagrun for demo_pipeline to None
[2022-03-18 02:50:37,199] {processor.py:171} INFO - Processing /airflow/dags/demo.py took 0.094 seconds
[2022-03-18 02:53:08,041] {processor.py:163} INFO - Started process (PID=32) to work on /airflow/dags/demo.py
[2022-03-18 02:53:08,043] {processor.py:642} INFO - Processing file /airflow/dags/demo.py for tasks to queue
[2022-03-18 02:53:08,045] {logging_mixin.py:109} INFO - [2022-03-18 02:53:08,044] {dagbag.py:500} INFO - Filling up the DagBag from /airflow/dags/demo.py
[2022-03-18 02:53:08,072] {processor.py:654} INFO - DAG(s) dict_keys(['demo_pipeline']) retrieved from /airflow/dags/demo.py
[2022-03-18 02:53:08,095] {logging_mixin.py:109} INFO - [2022-03-18 02:53:08,095] {dag.py:2398} INFO - Sync 1 DAGs
[2022-03-18 02:53:08,117] {logging_mixin.py:109} INFO - [2022-03-18 02:53:08,117] {dag.py:2937} INFO - Setting next_dagrun for demo_pipeline to None
[2022-03-18 02:53:08,154] {processor.py:171} INFO - Processing /airflow/dags/demo.py took 0.116 seconds
[2022-03-18 02:53:42,895] {processor.py:163} INFO - Started process (PID=131) to work on /airflow/dags/demo.py
[2022-03-18 02:53:42,897] {processor.py:642} INFO - Processing file /airflow/dags/demo.py for tasks to queue
[2022-03-18 02:53:42,898] {logging_mixin.py:109} INFO - [2022-03-18 02:53:42,897] {dagbag.py:500} INFO - Filling up the DagBag from /airflow/dags/demo.py
[2022-03-18 02:53:42,926] {processor.py:654} INFO - DAG(s) dict_keys(['demo_pipeline']) retrieved from /airflow/dags/demo.py
[2022-03-18 02:53:42,941] {logging_mixin.py:109} INFO - [2022-03-18 02:53:42,940] {dag.py:2398} INFO - Sync 1 DAGs
[2022-03-18 02:53:42,958] {logging_mixin.py:109} INFO - [2022-03-18 02:53:42,958] {dag.py:2937} INFO - Setting next_dagrun for demo_pipeline to None
[2022-03-18 02:53:42,991] {processor.py:171} INFO - Processing /airflow/dags/demo.py took 0.098 seconds
[2022-03-18 02:57:52,921] {processor.py:163} INFO - Started process (PID=32) to work on /airflow/dags/demo.py
[2022-03-18 02:57:52,924] {processor.py:642} INFO - Processing file /airflow/dags/demo.py for tasks to queue
[2022-03-18 02:57:52,925] {logging_mixin.py:109} INFO - [2022-03-18 02:57:52,925] {dagbag.py:500} INFO - Filling up the DagBag from /airflow/dags/demo.py
[2022-03-18 02:57:52,959] {processor.py:654} INFO - DAG(s) dict_keys(['demo_pipeline']) retrieved from /airflow/dags/demo.py
[2022-03-18 02:57:52,977] {logging_mixin.py:109} INFO - [2022-03-18 02:57:52,977] {dag.py:2398} INFO - Sync 1 DAGs
[2022-03-18 02:57:52,999] {logging_mixin.py:109} INFO - [2022-03-18 02:57:52,999] {dag.py:2937} INFO - Setting next_dagrun for demo_pipeline to None
[2022-03-18 02:57:53,035] {processor.py:171} INFO - Processing /airflow/dags/demo.py took 0.116 seconds
[2022-03-18 02:58:23,819] {processor.py:163} INFO - Started process (PID=133) to work on /airflow/dags/demo.py
[2022-03-18 02:58:23,820] {processor.py:642} INFO - Processing file /airflow/dags/demo.py for tasks to queue
[2022-03-18 02:58:23,821] {logging_mixin.py:109} INFO - [2022-03-18 02:58:23,821] {dagbag.py:500} INFO - Filling up the DagBag from /airflow/dags/demo.py
[2022-03-18 02:58:23,850] {processor.py:654} INFO - DAG(s) dict_keys(['demo_pipeline']) retrieved from /airflow/dags/demo.py
[2022-03-18 02:58:23,863] {logging_mixin.py:109} INFO - [2022-03-18 02:58:23,863] {dag.py:2398} INFO - Sync 1 DAGs
[2022-03-18 02:58:23,879] {logging_mixin.py:109} INFO - [2022-03-18 02:58:23,878] {dag.py:2937} INFO - Setting next_dagrun for demo_pipeline to None
[2022-03-18 02:58:23,908] {processor.py:171} INFO - Processing /airflow/dags/demo.py took 0.092 seconds
[2022-03-18 03:22:51,780] {processor.py:163} INFO - Started process (PID=33) to work on /airflow/dags/demo.py
[2022-03-18 03:22:51,782] {processor.py:642} INFO - Processing file /airflow/dags/demo.py for tasks to queue
[2022-03-18 03:22:51,783] {logging_mixin.py:109} INFO - [2022-03-18 03:22:51,783] {dagbag.py:500} INFO - Filling up the DagBag from /airflow/dags/demo.py
[2022-03-18 03:22:51,815] {processor.py:654} INFO - DAG(s) dict_keys(['demo_pipeline']) retrieved from /airflow/dags/demo.py
[2022-03-18 03:22:51,833] {logging_mixin.py:109} INFO - [2022-03-18 03:22:51,833] {dag.py:2398} INFO - Sync 1 DAGs
[2022-03-18 03:22:51,851] {logging_mixin.py:109} INFO - [2022-03-18 03:22:51,851] {dag.py:2937} INFO - Setting next_dagrun for demo_pipeline to None
[2022-03-18 03:22:51,890] {processor.py:171} INFO - Processing /airflow/dags/demo.py took 0.113 seconds
[2022-03-18 03:42:45,771] {processor.py:163} INFO - Started process (PID=285) to work on /airflow/dags/demo.py
[2022-03-18 03:42:45,774] {processor.py:642} INFO - Processing file /airflow/dags/demo.py for tasks to queue
[2022-03-18 03:42:45,776] {logging_mixin.py:109} INFO - [2022-03-18 03:42:45,775] {dagbag.py:500} INFO - Filling up the DagBag from /airflow/dags/demo.py
[2022-03-18 03:42:45,806] {processor.py:654} INFO - DAG(s) dict_keys(['demo_pipeline']) retrieved from /airflow/dags/demo.py
[2022-03-18 03:42:45,822] {logging_mixin.py:109} INFO - [2022-03-18 03:42:45,822] {dag.py:2398} INFO - Sync 1 DAGs
[2022-03-18 03:42:45,843] {logging_mixin.py:109} INFO - [2022-03-18 03:42:45,843] {dag.py:2937} INFO - Setting next_dagrun for demo_pipeline to None
[2022-03-18 03:42:45,877] {processor.py:171} INFO - Processing /airflow/dags/demo.py took 0.109 seconds
[2022-03-18 03:43:16,284] {processor.py:163} INFO - Started process (PID=286) to work on /airflow/dags/demo.py
[2022-03-18 03:43:16,286] {processor.py:642} INFO - Processing file /airflow/dags/demo.py for tasks to queue
[2022-03-18 03:43:16,288] {logging_mixin.py:109} INFO - [2022-03-18 03:43:16,287] {dagbag.py:500} INFO - Filling up the DagBag from /airflow/dags/demo.py
[2022-03-18 03:43:16,317] {processor.py:654} INFO - DAG(s) dict_keys(['demo_pipeline']) retrieved from /airflow/dags/demo.py
[2022-03-18 03:43:16,333] {logging_mixin.py:109} INFO - [2022-03-18 03:43:16,333] {dag.py:2398} INFO - Sync 1 DAGs
[2022-03-18 03:43:16,351] {logging_mixin.py:109} INFO - [2022-03-18 03:43:16,351] {dag.py:2937} INFO - Setting next_dagrun for demo_pipeline to None
[2022-03-18 03:43:16,387] {processor.py:171} INFO - Processing /airflow/dags/demo.py took 0.106 seconds
[2022-03-18 03:43:46,947] {processor.py:163} INFO - Started process (PID=287) to work on /airflow/dags/demo.py
[2022-03-18 03:43:46,950] {processor.py:642} INFO - Processing file /airflow/dags/demo.py for tasks to queue
[2022-03-18 03:43:46,952] {logging_mixin.py:109} INFO - [2022-03-18 03:43:46,952] {dagbag.py:500} INFO - Filling up the DagBag from /airflow/dags/demo.py
[2022-03-18 03:43:46,985] {processor.py:654} INFO - DAG(s) dict_keys(['demo_pipeline']) retrieved from /airflow/dags/demo.py
[2022-03-18 03:43:47,002] {logging_mixin.py:109} INFO - [2022-03-18 03:43:47,001] {dag.py:2398} INFO - Sync 1 DAGs
[2022-03-18 03:43:47,021] {logging_mixin.py:109} INFO - [2022-03-18 03:43:47,021] {dag.py:2937} INFO - Setting next_dagrun for demo_pipeline to None
[2022-03-18 03:43:47,061] {processor.py:171} INFO - Processing /airflow/dags/demo.py took 0.117 seconds
[2022-03-18 03:44:17,871] {processor.py:163} INFO - Started process (PID=288) to work on /airflow/dags/demo.py
[2022-03-18 03:44:17,873] {processor.py:642} INFO - Processing file /airflow/dags/demo.py for tasks to queue
[2022-03-18 03:44:17,875] {logging_mixin.py:109} INFO - [2022-03-18 03:44:17,875] {dagbag.py:500} INFO - Filling up the DagBag from /airflow/dags/demo.py
[2022-03-18 03:44:17,905] {processor.py:654} INFO - DAG(s) dict_keys(['demo_pipeline']) retrieved from /airflow/dags/demo.py
[2022-03-18 03:44:17,921] {logging_mixin.py:109} INFO - [2022-03-18 03:44:17,921] {dag.py:2398} INFO - Sync 1 DAGs
[2022-03-18 03:44:17,937] {logging_mixin.py:109} INFO - [2022-03-18 03:44:17,937] {dag.py:2937} INFO - Setting next_dagrun for demo_pipeline to None
[2022-03-18 03:44:17,973] {processor.py:171} INFO - Processing /airflow/dags/demo.py took 0.105 seconds
[2022-03-18 03:44:48,221] {processor.py:163} INFO - Started process (PID=289) to work on /airflow/dags/demo.py
[2022-03-18 03:44:48,224] {processor.py:642} INFO - Processing file /airflow/dags/demo.py for tasks to queue
[2022-03-18 03:44:48,225] {logging_mixin.py:109} INFO - [2022-03-18 03:44:48,225] {dagbag.py:500} INFO - Filling up the DagBag from /airflow/dags/demo.py
[2022-03-18 03:44:48,259] {processor.py:654} INFO - DAG(s) dict_keys(['demo_pipeline']) retrieved from /airflow/dags/demo.py
[2022-03-18 03:44:48,277] {logging_mixin.py:109} INFO - [2022-03-18 03:44:48,277] {dag.py:2398} INFO - Sync 1 DAGs
[2022-03-18 03:44:48,298] {logging_mixin.py:109} INFO - [2022-03-18 03:44:48,298] {dag.py:2937} INFO - Setting next_dagrun for demo_pipeline to None
[2022-03-18 03:44:48,342] {processor.py:171} INFO - Processing /airflow/dags/demo.py took 0.124 seconds
[2022-03-18 03:45:19,396] {processor.py:163} INFO - Started process (PID=290) to work on /airflow/dags/demo.py
[2022-03-18 03:45:19,399] {processor.py:642} INFO - Processing file /airflow/dags/demo.py for tasks to queue
[2022-03-18 03:45:19,401] {logging_mixin.py:109} INFO - [2022-03-18 03:45:19,401] {dagbag.py:500} INFO - Filling up the DagBag from /airflow/dags/demo.py
[2022-03-18 03:45:19,439] {processor.py:654} INFO - DAG(s) dict_keys(['demo_pipeline']) retrieved from /airflow/dags/demo.py
[2022-03-18 03:45:19,457] {logging_mixin.py:109} INFO - [2022-03-18 03:45:19,457] {dag.py:2398} INFO - Sync 1 DAGs
[2022-03-18 03:45:19,478] {logging_mixin.py:109} INFO - [2022-03-18 03:45:19,478] {dag.py:2937} INFO - Setting next_dagrun for demo_pipeline to None
[2022-03-18 03:45:19,520] {processor.py:171} INFO - Processing /airflow/dags/demo.py took 0.127 seconds
[2022-03-18 03:45:50,235] {processor.py:163} INFO - Started process (PID=291) to work on /airflow/dags/demo.py
[2022-03-18 03:45:50,238] {processor.py:642} INFO - Processing file /airflow/dags/demo.py for tasks to queue
[2022-03-18 03:45:50,239] {logging_mixin.py:109} INFO - [2022-03-18 03:45:50,239] {dagbag.py:500} INFO - Filling up the DagBag from /airflow/dags/demo.py
[2022-03-18 03:45:50,268] {processor.py:654} INFO - DAG(s) dict_keys(['demo_pipeline']) retrieved from /airflow/dags/demo.py
[2022-03-18 03:45:50,284] {logging_mixin.py:109} INFO - [2022-03-18 03:45:50,283] {dag.py:2398} INFO - Sync 1 DAGs
[2022-03-18 03:45:50,302] {logging_mixin.py:109} INFO - [2022-03-18 03:45:50,302] {dag.py:2937} INFO - Setting next_dagrun for demo_pipeline to None
[2022-03-18 03:45:50,340] {processor.py:171} INFO - Processing /airflow/dags/demo.py took 0.108 seconds
[2022-03-18 03:46:20,627] {processor.py:163} INFO - Started process (PID=292) to work on /airflow/dags/demo.py
[2022-03-18 03:46:20,629] {processor.py:642} INFO - Processing file /airflow/dags/demo.py for tasks to queue
[2022-03-18 03:46:20,630] {logging_mixin.py:109} INFO - [2022-03-18 03:46:20,630] {dagbag.py:500} INFO - Filling up the DagBag from /airflow/dags/demo.py
[2022-03-18 03:46:20,663] {processor.py:654} INFO - DAG(s) dict_keys(['demo_pipeline']) retrieved from /airflow/dags/demo.py
[2022-03-18 03:46:20,679] {logging_mixin.py:109} INFO - [2022-03-18 03:46:20,679] {dag.py:2398} INFO - Sync 1 DAGs
[2022-03-18 03:46:20,699] {logging_mixin.py:109} INFO - [2022-03-18 03:46:20,699] {dag.py:2937} INFO - Setting next_dagrun for demo_pipeline to None
[2022-03-18 03:46:20,734] {processor.py:171} INFO - Processing /airflow/dags/demo.py took 0.110 seconds
[2022-03-18 03:46:50,924] {processor.py:163} INFO - Started process (PID=293) to work on /airflow/dags/demo.py
[2022-03-18 03:46:50,926] {processor.py:642} INFO - Processing file /airflow/dags/demo.py for tasks to queue
[2022-03-18 03:46:50,928] {logging_mixin.py:109} INFO - [2022-03-18 03:46:50,928] {dagbag.py:500} INFO - Filling up the DagBag from /airflow/dags/demo.py
[2022-03-18 03:46:50,964] {processor.py:654} INFO - DAG(s) dict_keys(['demo_pipeline']) retrieved from /airflow/dags/demo.py
[2022-03-18 03:46:50,983] {logging_mixin.py:109} INFO - [2022-03-18 03:46:50,983] {dag.py:2398} INFO - Sync 1 DAGs
[2022-03-18 03:46:51,003] {logging_mixin.py:109} INFO - [2022-03-18 03:46:51,003] {dag.py:2937} INFO - Setting next_dagrun for demo_pipeline to None
[2022-03-18 03:46:51,042] {processor.py:171} INFO - Processing /airflow/dags/demo.py took 0.121 seconds
[2022-03-18 03:47:21,568] {processor.py:163} INFO - Started process (PID=294) to work on /airflow/dags/demo.py
[2022-03-18 03:47:21,570] {processor.py:642} INFO - Processing file /airflow/dags/demo.py for tasks to queue
[2022-03-18 03:47:21,572] {logging_mixin.py:109} INFO - [2022-03-18 03:47:21,571] {dagbag.py:500} INFO - Filling up the DagBag from /airflow/dags/demo.py
[2022-03-18 03:47:21,602] {processor.py:654} INFO - DAG(s) dict_keys(['demo_pipeline']) retrieved from /airflow/dags/demo.py
[2022-03-18 03:47:21,620] {logging_mixin.py:109} INFO - [2022-03-18 03:47:21,620] {dag.py:2398} INFO - Sync 1 DAGs
[2022-03-18 03:47:21,640] {logging_mixin.py:109} INFO - [2022-03-18 03:47:21,640] {dag.py:2937} INFO - Setting next_dagrun for demo_pipeline to None
[2022-03-18 03:47:21,682] {processor.py:171} INFO - Processing /airflow/dags/demo.py took 0.117 seconds
[2022-03-18 03:47:52,240] {processor.py:163} INFO - Started process (PID=295) to work on /airflow/dags/demo.py
[2022-03-18 03:47:52,242] {processor.py:642} INFO - Processing file /airflow/dags/demo.py for tasks to queue
[2022-03-18 03:47:52,243] {logging_mixin.py:109} INFO - [2022-03-18 03:47:52,243] {dagbag.py:500} INFO - Filling up the DagBag from /airflow/dags/demo.py
[2022-03-18 03:47:52,274] {processor.py:654} INFO - DAG(s) dict_keys(['demo_pipeline']) retrieved from /airflow/dags/demo.py
[2022-03-18 03:47:52,288] {logging_mixin.py:109} INFO - [2022-03-18 03:47:52,288] {dag.py:2398} INFO - Sync 1 DAGs
[2022-03-18 03:47:52,307] {logging_mixin.py:109} INFO - [2022-03-18 03:47:52,307] {dag.py:2937} INFO - Setting next_dagrun for demo_pipeline to None
[2022-03-18 03:47:52,340] {processor.py:171} INFO - Processing /airflow/dags/demo.py took 0.103 seconds
