[2022-03-19 03:38:09,916] {processor.py:163} INFO - Started process (PID=33) to work on /airflow/dags/demo.py
[2022-03-19 03:38:09,918] {processor.py:642} INFO - Processing file /airflow/dags/demo.py for tasks to queue
[2022-03-19 03:38:09,919] {logging_mixin.py:109} INFO - [2022-03-19 03:38:09,919] {dagbag.py:500} INFO - Filling up the DagBag from /airflow/dags/demo.py
[2022-03-19 03:38:09,963] {processor.py:654} INFO - DAG(s) dict_keys(['demo_pipeline']) retrieved from /airflow/dags/demo.py
[2022-03-19 03:38:09,982] {logging_mixin.py:109} INFO - [2022-03-19 03:38:09,982] {dag.py:2398} INFO - Sync 1 DAGs
[2022-03-19 03:38:10,005] {logging_mixin.py:109} INFO - [2022-03-19 03:38:10,005] {dag.py:2937} INFO - Setting next_dagrun for demo_pipeline to None
[2022-03-19 03:38:10,068] {processor.py:171} INFO - Processing /airflow/dags/demo.py took 0.154 seconds
[2022-03-19 03:38:40,466] {processor.py:163} INFO - Started process (PID=67) to work on /airflow/dags/demo.py
[2022-03-19 03:38:40,467] {processor.py:642} INFO - Processing file /airflow/dags/demo.py for tasks to queue
[2022-03-19 03:38:40,468] {logging_mixin.py:109} INFO - [2022-03-19 03:38:40,468] {dagbag.py:500} INFO - Filling up the DagBag from /airflow/dags/demo.py
[2022-03-19 03:38:40,535] {processor.py:654} INFO - DAG(s) dict_keys(['demo_pipeline']) retrieved from /airflow/dags/demo.py
[2022-03-19 03:38:40,552] {logging_mixin.py:109} INFO - [2022-03-19 03:38:40,552] {dag.py:2398} INFO - Sync 1 DAGs
[2022-03-19 03:38:40,572] {logging_mixin.py:109} INFO - [2022-03-19 03:38:40,572] {dag.py:2937} INFO - Setting next_dagrun for demo_pipeline to None
[2022-03-19 03:38:40,610] {processor.py:171} INFO - Processing /airflow/dags/demo.py took 0.147 seconds
[2022-03-19 03:39:11,042] {processor.py:163} INFO - Started process (PID=68) to work on /airflow/dags/demo.py
[2022-03-19 03:39:11,044] {processor.py:642} INFO - Processing file /airflow/dags/demo.py for tasks to queue
[2022-03-19 03:39:11,045] {logging_mixin.py:109} INFO - [2022-03-19 03:39:11,045] {dagbag.py:500} INFO - Filling up the DagBag from /airflow/dags/demo.py
[2022-03-19 03:39:11,080] {processor.py:654} INFO - DAG(s) dict_keys(['demo_pipeline']) retrieved from /airflow/dags/demo.py
[2022-03-19 03:39:11,095] {logging_mixin.py:109} INFO - [2022-03-19 03:39:11,095] {dag.py:2398} INFO - Sync 1 DAGs
[2022-03-19 03:39:11,114] {logging_mixin.py:109} INFO - [2022-03-19 03:39:11,114] {dag.py:2937} INFO - Setting next_dagrun for demo_pipeline to None
[2022-03-19 03:39:11,155] {processor.py:171} INFO - Processing /airflow/dags/demo.py took 0.115 seconds
[2022-03-19 03:39:41,837] {processor.py:163} INFO - Started process (PID=69) to work on /airflow/dags/demo.py
[2022-03-19 03:39:41,838] {processor.py:642} INFO - Processing file /airflow/dags/demo.py for tasks to queue
[2022-03-19 03:39:41,839] {logging_mixin.py:109} INFO - [2022-03-19 03:39:41,839] {dagbag.py:500} INFO - Filling up the DagBag from /airflow/dags/demo.py
[2022-03-19 03:39:41,873] {processor.py:654} INFO - DAG(s) dict_keys(['demo_pipeline']) retrieved from /airflow/dags/demo.py
[2022-03-19 03:39:41,887] {logging_mixin.py:109} INFO - [2022-03-19 03:39:41,887] {dag.py:2398} INFO - Sync 1 DAGs
[2022-03-19 03:39:41,906] {logging_mixin.py:109} INFO - [2022-03-19 03:39:41,906] {dag.py:2937} INFO - Setting next_dagrun for demo_pipeline to None
[2022-03-19 03:39:41,939] {processor.py:171} INFO - Processing /airflow/dags/demo.py took 0.106 seconds
[2022-03-19 03:40:12,337] {processor.py:163} INFO - Started process (PID=70) to work on /airflow/dags/demo.py
[2022-03-19 03:40:12,340] {processor.py:642} INFO - Processing file /airflow/dags/demo.py for tasks to queue
[2022-03-19 03:40:12,341] {logging_mixin.py:109} INFO - [2022-03-19 03:40:12,341] {dagbag.py:500} INFO - Filling up the DagBag from /airflow/dags/demo.py
[2022-03-19 03:40:12,384] {processor.py:654} INFO - DAG(s) dict_keys(['demo_pipeline']) retrieved from /airflow/dags/demo.py
[2022-03-19 03:40:12,402] {logging_mixin.py:109} INFO - [2022-03-19 03:40:12,402] {dag.py:2398} INFO - Sync 1 DAGs
[2022-03-19 03:40:12,421] {logging_mixin.py:109} INFO - [2022-03-19 03:40:12,421] {dag.py:2937} INFO - Setting next_dagrun for demo_pipeline to None
[2022-03-19 03:40:12,457] {processor.py:171} INFO - Processing /airflow/dags/demo.py took 0.123 seconds
[2022-03-19 03:40:43,345] {processor.py:163} INFO - Started process (PID=71) to work on /airflow/dags/demo.py
[2022-03-19 03:40:43,347] {processor.py:642} INFO - Processing file /airflow/dags/demo.py for tasks to queue
[2022-03-19 03:40:43,348] {logging_mixin.py:109} INFO - [2022-03-19 03:40:43,348] {dagbag.py:500} INFO - Filling up the DagBag from /airflow/dags/demo.py
[2022-03-19 03:40:43,387] {processor.py:654} INFO - DAG(s) dict_keys(['demo_pipeline']) retrieved from /airflow/dags/demo.py
[2022-03-19 03:40:43,402] {logging_mixin.py:109} INFO - [2022-03-19 03:40:43,402] {dag.py:2398} INFO - Sync 1 DAGs
[2022-03-19 03:40:43,422] {logging_mixin.py:109} INFO - [2022-03-19 03:40:43,422] {dag.py:2937} INFO - Setting next_dagrun for demo_pipeline to None
[2022-03-19 03:40:43,462] {processor.py:171} INFO - Processing /airflow/dags/demo.py took 0.122 seconds
[2022-03-19 03:41:13,624] {processor.py:163} INFO - Started process (PID=72) to work on /airflow/dags/demo.py
[2022-03-19 03:41:13,635] {processor.py:642} INFO - Processing file /airflow/dags/demo.py for tasks to queue
[2022-03-19 03:41:13,636] {logging_mixin.py:109} INFO - [2022-03-19 03:41:13,636] {dagbag.py:500} INFO - Filling up the DagBag from /airflow/dags/demo.py
[2022-03-19 03:41:13,671] {processor.py:654} INFO - DAG(s) dict_keys(['demo_pipeline']) retrieved from /airflow/dags/demo.py
[2022-03-19 03:41:13,685] {logging_mixin.py:109} INFO - [2022-03-19 03:41:13,685] {dag.py:2398} INFO - Sync 1 DAGs
[2022-03-19 03:41:13,706] {logging_mixin.py:109} INFO - [2022-03-19 03:41:13,706] {dag.py:2937} INFO - Setting next_dagrun for demo_pipeline to None
[2022-03-19 03:41:13,753] {processor.py:171} INFO - Processing /airflow/dags/demo.py took 0.132 seconds
[2022-03-19 03:41:44,712] {processor.py:163} INFO - Started process (PID=73) to work on /airflow/dags/demo.py
[2022-03-19 03:41:44,714] {processor.py:642} INFO - Processing file /airflow/dags/demo.py for tasks to queue
[2022-03-19 03:41:44,715] {logging_mixin.py:109} INFO - [2022-03-19 03:41:44,715] {dagbag.py:500} INFO - Filling up the DagBag from /airflow/dags/demo.py
[2022-03-19 03:41:44,746] {processor.py:654} INFO - DAG(s) dict_keys(['demo_pipeline']) retrieved from /airflow/dags/demo.py
[2022-03-19 03:41:44,758] {logging_mixin.py:109} INFO - [2022-03-19 03:41:44,758] {dag.py:2398} INFO - Sync 1 DAGs
[2022-03-19 03:41:44,773] {logging_mixin.py:109} INFO - [2022-03-19 03:41:44,773] {dag.py:2937} INFO - Setting next_dagrun for demo_pipeline to None
[2022-03-19 03:41:44,798] {processor.py:171} INFO - Processing /airflow/dags/demo.py took 0.090 seconds
[2022-03-19 03:42:14,818] {processor.py:163} INFO - Started process (PID=74) to work on /airflow/dags/demo.py
[2022-03-19 03:42:14,820] {processor.py:642} INFO - Processing file /airflow/dags/demo.py for tasks to queue
[2022-03-19 03:42:14,821] {logging_mixin.py:109} INFO - [2022-03-19 03:42:14,821] {dagbag.py:500} INFO - Filling up the DagBag from /airflow/dags/demo.py
[2022-03-19 03:42:14,850] {processor.py:654} INFO - DAG(s) dict_keys(['demo_pipeline']) retrieved from /airflow/dags/demo.py
[2022-03-19 03:42:14,865] {logging_mixin.py:109} INFO - [2022-03-19 03:42:14,865] {dag.py:2398} INFO - Sync 1 DAGs
[2022-03-19 03:42:14,882] {logging_mixin.py:109} INFO - [2022-03-19 03:42:14,881] {dag.py:2937} INFO - Setting next_dagrun for demo_pipeline to None
[2022-03-19 03:42:14,913] {processor.py:171} INFO - Processing /airflow/dags/demo.py took 0.098 seconds
[2022-03-19 03:42:45,813] {processor.py:163} INFO - Started process (PID=75) to work on /airflow/dags/demo.py
[2022-03-19 03:42:45,814] {processor.py:642} INFO - Processing file /airflow/dags/demo.py for tasks to queue
[2022-03-19 03:42:45,816] {logging_mixin.py:109} INFO - [2022-03-19 03:42:45,816] {dagbag.py:500} INFO - Filling up the DagBag from /airflow/dags/demo.py
[2022-03-19 03:42:45,853] {processor.py:654} INFO - DAG(s) dict_keys(['demo_pipeline']) retrieved from /airflow/dags/demo.py
[2022-03-19 03:42:45,866] {logging_mixin.py:109} INFO - [2022-03-19 03:42:45,866] {dag.py:2398} INFO - Sync 1 DAGs
[2022-03-19 03:42:45,883] {logging_mixin.py:109} INFO - [2022-03-19 03:42:45,883] {dag.py:2937} INFO - Setting next_dagrun for demo_pipeline to None
[2022-03-19 03:42:45,913] {processor.py:171} INFO - Processing /airflow/dags/demo.py took 0.103 seconds
[2022-03-19 03:43:16,630] {processor.py:163} INFO - Started process (PID=76) to work on /airflow/dags/demo.py
[2022-03-19 03:43:16,632] {processor.py:642} INFO - Processing file /airflow/dags/demo.py for tasks to queue
[2022-03-19 03:43:16,633] {logging_mixin.py:109} INFO - [2022-03-19 03:43:16,633] {dagbag.py:500} INFO - Filling up the DagBag from /airflow/dags/demo.py
[2022-03-19 03:43:16,665] {processor.py:654} INFO - DAG(s) dict_keys(['demo_pipeline']) retrieved from /airflow/dags/demo.py
[2022-03-19 03:43:16,680] {logging_mixin.py:109} INFO - [2022-03-19 03:43:16,680] {dag.py:2398} INFO - Sync 1 DAGs
[2022-03-19 03:43:16,699] {logging_mixin.py:109} INFO - [2022-03-19 03:43:16,699] {dag.py:2937} INFO - Setting next_dagrun for demo_pipeline to None
[2022-03-19 03:43:16,729] {processor.py:171} INFO - Processing /airflow/dags/demo.py took 0.102 seconds
[2022-03-19 03:43:47,340] {processor.py:163} INFO - Started process (PID=77) to work on /airflow/dags/demo.py
[2022-03-19 03:43:47,341] {processor.py:642} INFO - Processing file /airflow/dags/demo.py for tasks to queue
[2022-03-19 03:43:47,342] {logging_mixin.py:109} INFO - [2022-03-19 03:43:47,342] {dagbag.py:500} INFO - Filling up the DagBag from /airflow/dags/demo.py
[2022-03-19 03:43:47,373] {processor.py:654} INFO - DAG(s) dict_keys(['demo_pipeline']) retrieved from /airflow/dags/demo.py
[2022-03-19 03:43:47,386] {logging_mixin.py:109} INFO - [2022-03-19 03:43:47,386] {dag.py:2398} INFO - Sync 1 DAGs
[2022-03-19 03:43:47,402] {logging_mixin.py:109} INFO - [2022-03-19 03:43:47,402] {dag.py:2937} INFO - Setting next_dagrun for demo_pipeline to None
[2022-03-19 03:43:47,455] {processor.py:171} INFO - Processing /airflow/dags/demo.py took 0.117 seconds
[2022-03-19 03:44:18,097] {processor.py:163} INFO - Started process (PID=78) to work on /airflow/dags/demo.py
[2022-03-19 03:44:18,099] {processor.py:642} INFO - Processing file /airflow/dags/demo.py for tasks to queue
[2022-03-19 03:44:18,100] {logging_mixin.py:109} INFO - [2022-03-19 03:44:18,100] {dagbag.py:500} INFO - Filling up the DagBag from /airflow/dags/demo.py
[2022-03-19 03:44:18,129] {processor.py:654} INFO - DAG(s) dict_keys(['demo_pipeline']) retrieved from /airflow/dags/demo.py
[2022-03-19 03:44:18,141] {logging_mixin.py:109} INFO - [2022-03-19 03:44:18,141] {dag.py:2398} INFO - Sync 1 DAGs
[2022-03-19 03:44:18,156] {logging_mixin.py:109} INFO - [2022-03-19 03:44:18,156] {dag.py:2937} INFO - Setting next_dagrun for demo_pipeline to None
[2022-03-19 03:44:18,187] {processor.py:171} INFO - Processing /airflow/dags/demo.py took 0.093 seconds
[2022-03-19 03:44:48,719] {processor.py:163} INFO - Started process (PID=79) to work on /airflow/dags/demo.py
[2022-03-19 03:44:48,720] {processor.py:642} INFO - Processing file /airflow/dags/demo.py for tasks to queue
[2022-03-19 03:44:48,721] {logging_mixin.py:109} INFO - [2022-03-19 03:44:48,721] {dagbag.py:500} INFO - Filling up the DagBag from /airflow/dags/demo.py
[2022-03-19 03:44:48,757] {processor.py:654} INFO - DAG(s) dict_keys(['demo_pipeline']) retrieved from /airflow/dags/demo.py
[2022-03-19 03:44:48,770] {logging_mixin.py:109} INFO - [2022-03-19 03:44:48,769] {dag.py:2398} INFO - Sync 1 DAGs
[2022-03-19 03:44:48,785] {logging_mixin.py:109} INFO - [2022-03-19 03:44:48,785] {dag.py:2937} INFO - Setting next_dagrun for demo_pipeline to None
[2022-03-19 03:44:48,815] {processor.py:171} INFO - Processing /airflow/dags/demo.py took 0.099 seconds
[2022-03-19 03:45:19,418] {processor.py:163} INFO - Started process (PID=80) to work on /airflow/dags/demo.py
[2022-03-19 03:45:19,420] {processor.py:642} INFO - Processing file /airflow/dags/demo.py for tasks to queue
[2022-03-19 03:45:19,421] {logging_mixin.py:109} INFO - [2022-03-19 03:45:19,421] {dagbag.py:500} INFO - Filling up the DagBag from /airflow/dags/demo.py
[2022-03-19 03:45:19,450] {processor.py:654} INFO - DAG(s) dict_keys(['demo_pipeline']) retrieved from /airflow/dags/demo.py
[2022-03-19 03:45:19,462] {logging_mixin.py:109} INFO - [2022-03-19 03:45:19,462] {dag.py:2398} INFO - Sync 1 DAGs
[2022-03-19 03:45:19,479] {logging_mixin.py:109} INFO - [2022-03-19 03:45:19,479] {dag.py:2937} INFO - Setting next_dagrun for demo_pipeline to None
[2022-03-19 03:45:19,510] {processor.py:171} INFO - Processing /airflow/dags/demo.py took 0.095 seconds
[2022-03-19 03:45:50,140] {processor.py:163} INFO - Started process (PID=81) to work on /airflow/dags/demo.py
[2022-03-19 03:45:50,143] {processor.py:642} INFO - Processing file /airflow/dags/demo.py for tasks to queue
[2022-03-19 03:45:50,143] {logging_mixin.py:109} INFO - [2022-03-19 03:45:50,143] {dagbag.py:500} INFO - Filling up the DagBag from /airflow/dags/demo.py
[2022-03-19 03:45:50,182] {processor.py:654} INFO - DAG(s) dict_keys(['demo_pipeline']) retrieved from /airflow/dags/demo.py
[2022-03-19 03:45:50,197] {logging_mixin.py:109} INFO - [2022-03-19 03:45:50,197] {dag.py:2398} INFO - Sync 1 DAGs
[2022-03-19 03:45:50,214] {logging_mixin.py:109} INFO - [2022-03-19 03:45:50,214] {dag.py:2937} INFO - Setting next_dagrun for demo_pipeline to None
[2022-03-19 03:45:50,245] {processor.py:171} INFO - Processing /airflow/dags/demo.py took 0.107 seconds
[2022-03-19 03:46:20,877] {processor.py:163} INFO - Started process (PID=82) to work on /airflow/dags/demo.py
[2022-03-19 03:46:20,879] {processor.py:642} INFO - Processing file /airflow/dags/demo.py for tasks to queue
[2022-03-19 03:46:20,880] {logging_mixin.py:109} INFO - [2022-03-19 03:46:20,880] {dagbag.py:500} INFO - Filling up the DagBag from /airflow/dags/demo.py
[2022-03-19 03:46:20,913] {processor.py:654} INFO - DAG(s) dict_keys(['demo_pipeline']) retrieved from /airflow/dags/demo.py
[2022-03-19 03:46:20,927] {logging_mixin.py:109} INFO - [2022-03-19 03:46:20,927] {dag.py:2398} INFO - Sync 1 DAGs
[2022-03-19 03:46:20,945] {logging_mixin.py:109} INFO - [2022-03-19 03:46:20,945] {dag.py:2937} INFO - Setting next_dagrun for demo_pipeline to None
[2022-03-19 03:46:20,978] {processor.py:171} INFO - Processing /airflow/dags/demo.py took 0.103 seconds
[2022-03-19 03:46:51,570] {processor.py:163} INFO - Started process (PID=83) to work on /airflow/dags/demo.py
[2022-03-19 03:46:51,572] {processor.py:642} INFO - Processing file /airflow/dags/demo.py for tasks to queue
[2022-03-19 03:46:51,573] {logging_mixin.py:109} INFO - [2022-03-19 03:46:51,573] {dagbag.py:500} INFO - Filling up the DagBag from /airflow/dags/demo.py
[2022-03-19 03:46:51,603] {processor.py:654} INFO - DAG(s) dict_keys(['demo_pipeline']) retrieved from /airflow/dags/demo.py
[2022-03-19 03:46:51,613] {logging_mixin.py:109} INFO - [2022-03-19 03:46:51,613] {dag.py:2398} INFO - Sync 1 DAGs
[2022-03-19 03:46:51,627] {logging_mixin.py:109} INFO - [2022-03-19 03:46:51,627] {dag.py:2937} INFO - Setting next_dagrun for demo_pipeline to None
[2022-03-19 03:46:51,656] {processor.py:171} INFO - Processing /airflow/dags/demo.py took 0.089 seconds
[2022-03-19 03:47:22,174] {processor.py:163} INFO - Started process (PID=84) to work on /airflow/dags/demo.py
[2022-03-19 03:47:22,175] {processor.py:642} INFO - Processing file /airflow/dags/demo.py for tasks to queue
[2022-03-19 03:47:22,176] {logging_mixin.py:109} INFO - [2022-03-19 03:47:22,176] {dagbag.py:500} INFO - Filling up the DagBag from /airflow/dags/demo.py
[2022-03-19 03:47:22,206] {processor.py:654} INFO - DAG(s) dict_keys(['demo_pipeline']) retrieved from /airflow/dags/demo.py
[2022-03-19 03:47:22,218] {logging_mixin.py:109} INFO - [2022-03-19 03:47:22,218] {dag.py:2398} INFO - Sync 1 DAGs
[2022-03-19 03:47:22,234] {logging_mixin.py:109} INFO - [2022-03-19 03:47:22,234] {dag.py:2937} INFO - Setting next_dagrun for demo_pipeline to None
[2022-03-19 03:47:22,267] {processor.py:171} INFO - Processing /airflow/dags/demo.py took 0.096 seconds
[2022-03-19 03:47:52,861] {processor.py:163} INFO - Started process (PID=85) to work on /airflow/dags/demo.py
[2022-03-19 03:47:52,863] {processor.py:642} INFO - Processing file /airflow/dags/demo.py for tasks to queue
[2022-03-19 03:47:52,864] {logging_mixin.py:109} INFO - [2022-03-19 03:47:52,864] {dagbag.py:500} INFO - Filling up the DagBag from /airflow/dags/demo.py
[2022-03-19 03:47:52,895] {processor.py:654} INFO - DAG(s) dict_keys(['demo_pipeline']) retrieved from /airflow/dags/demo.py
[2022-03-19 03:47:52,908] {logging_mixin.py:109} INFO - [2022-03-19 03:47:52,908] {dag.py:2398} INFO - Sync 1 DAGs
[2022-03-19 03:47:52,925] {logging_mixin.py:109} INFO - [2022-03-19 03:47:52,925] {dag.py:2937} INFO - Setting next_dagrun for demo_pipeline to None
[2022-03-19 03:47:52,959] {processor.py:171} INFO - Processing /airflow/dags/demo.py took 0.100 seconds
[2022-03-19 03:48:23,600] {processor.py:163} INFO - Started process (PID=86) to work on /airflow/dags/demo.py
[2022-03-19 03:48:23,602] {processor.py:642} INFO - Processing file /airflow/dags/demo.py for tasks to queue
[2022-03-19 03:48:23,603] {logging_mixin.py:109} INFO - [2022-03-19 03:48:23,603] {dagbag.py:500} INFO - Filling up the DagBag from /airflow/dags/demo.py
[2022-03-19 03:48:23,630] {processor.py:654} INFO - DAG(s) dict_keys(['demo_pipeline']) retrieved from /airflow/dags/demo.py
[2022-03-19 03:48:23,642] {logging_mixin.py:109} INFO - [2022-03-19 03:48:23,642] {dag.py:2398} INFO - Sync 1 DAGs
[2022-03-19 03:48:23,658] {logging_mixin.py:109} INFO - [2022-03-19 03:48:23,658] {dag.py:2937} INFO - Setting next_dagrun for demo_pipeline to None
[2022-03-19 03:48:23,689] {processor.py:171} INFO - Processing /airflow/dags/demo.py took 0.092 seconds
[2022-03-19 03:48:54,272] {processor.py:163} INFO - Started process (PID=87) to work on /airflow/dags/demo.py
[2022-03-19 03:48:54,274] {processor.py:642} INFO - Processing file /airflow/dags/demo.py for tasks to queue
[2022-03-19 03:48:54,275] {logging_mixin.py:109} INFO - [2022-03-19 03:48:54,275] {dagbag.py:500} INFO - Filling up the DagBag from /airflow/dags/demo.py
[2022-03-19 03:48:54,354] {processor.py:654} INFO - DAG(s) dict_keys(['demo_pipeline']) retrieved from /airflow/dags/demo.py
[2022-03-19 03:48:54,371] {logging_mixin.py:109} INFO - [2022-03-19 03:48:54,371] {dag.py:2398} INFO - Sync 1 DAGs
[2022-03-19 03:48:54,395] {logging_mixin.py:109} INFO - [2022-03-19 03:48:54,395] {dag.py:2937} INFO - Setting next_dagrun for demo_pipeline to None
[2022-03-19 03:48:54,439] {processor.py:171} INFO - Processing /airflow/dags/demo.py took 0.170 seconds
[2022-03-19 03:49:25,080] {processor.py:163} INFO - Started process (PID=88) to work on /airflow/dags/demo.py
[2022-03-19 03:49:25,081] {processor.py:642} INFO - Processing file /airflow/dags/demo.py for tasks to queue
[2022-03-19 03:49:25,082] {logging_mixin.py:109} INFO - [2022-03-19 03:49:25,082] {dagbag.py:500} INFO - Filling up the DagBag from /airflow/dags/demo.py
[2022-03-19 03:49:25,111] {processor.py:654} INFO - DAG(s) dict_keys(['demo_pipeline']) retrieved from /airflow/dags/demo.py
[2022-03-19 03:49:25,123] {logging_mixin.py:109} INFO - [2022-03-19 03:49:25,123] {dag.py:2398} INFO - Sync 1 DAGs
[2022-03-19 03:49:25,140] {logging_mixin.py:109} INFO - [2022-03-19 03:49:25,139] {dag.py:2937} INFO - Setting next_dagrun for demo_pipeline to None
[2022-03-19 03:49:25,170] {processor.py:171} INFO - Processing /airflow/dags/demo.py took 0.093 seconds
[2022-03-19 03:49:55,717] {processor.py:163} INFO - Started process (PID=89) to work on /airflow/dags/demo.py
[2022-03-19 03:49:55,721] {processor.py:642} INFO - Processing file /airflow/dags/demo.py for tasks to queue
[2022-03-19 03:49:55,726] {logging_mixin.py:109} INFO - [2022-03-19 03:49:55,726] {dagbag.py:500} INFO - Filling up the DagBag from /airflow/dags/demo.py
[2022-03-19 03:49:55,763] {processor.py:654} INFO - DAG(s) dict_keys(['demo_pipeline']) retrieved from /airflow/dags/demo.py
[2022-03-19 03:49:55,776] {logging_mixin.py:109} INFO - [2022-03-19 03:49:55,776] {dag.py:2398} INFO - Sync 1 DAGs
[2022-03-19 03:49:55,793] {logging_mixin.py:109} INFO - [2022-03-19 03:49:55,793] {dag.py:2937} INFO - Setting next_dagrun for demo_pipeline to None
[2022-03-19 03:49:55,822] {processor.py:171} INFO - Processing /airflow/dags/demo.py took 0.108 seconds
[2022-03-19 03:50:26,621] {processor.py:163} INFO - Started process (PID=90) to work on /airflow/dags/demo.py
[2022-03-19 03:50:26,623] {processor.py:642} INFO - Processing file /airflow/dags/demo.py for tasks to queue
[2022-03-19 03:50:26,624] {logging_mixin.py:109} INFO - [2022-03-19 03:50:26,624] {dagbag.py:500} INFO - Filling up the DagBag from /airflow/dags/demo.py
[2022-03-19 03:50:26,654] {processor.py:654} INFO - DAG(s) dict_keys(['demo_pipeline']) retrieved from /airflow/dags/demo.py
[2022-03-19 03:50:26,665] {logging_mixin.py:109} INFO - [2022-03-19 03:50:26,665] {dag.py:2398} INFO - Sync 1 DAGs
[2022-03-19 03:50:26,680] {logging_mixin.py:109} INFO - [2022-03-19 03:50:26,680] {dag.py:2937} INFO - Setting next_dagrun for demo_pipeline to None
[2022-03-19 03:50:26,705] {processor.py:171} INFO - Processing /airflow/dags/demo.py took 0.087 seconds
[2022-03-19 03:50:57,157] {processor.py:163} INFO - Started process (PID=91) to work on /airflow/dags/demo.py
[2022-03-19 03:50:57,158] {processor.py:642} INFO - Processing file /airflow/dags/demo.py for tasks to queue
[2022-03-19 03:50:57,159] {logging_mixin.py:109} INFO - [2022-03-19 03:50:57,159] {dagbag.py:500} INFO - Filling up the DagBag from /airflow/dags/demo.py
[2022-03-19 03:50:57,188] {processor.py:654} INFO - DAG(s) dict_keys(['demo_pipeline']) retrieved from /airflow/dags/demo.py
[2022-03-19 03:50:57,200] {logging_mixin.py:109} INFO - [2022-03-19 03:50:57,200] {dag.py:2398} INFO - Sync 1 DAGs
[2022-03-19 03:50:57,216] {logging_mixin.py:109} INFO - [2022-03-19 03:50:57,216] {dag.py:2937} INFO - Setting next_dagrun for demo_pipeline to None
[2022-03-19 03:50:57,240] {processor.py:171} INFO - Processing /airflow/dags/demo.py took 0.086 seconds
[2022-03-19 03:51:27,368] {processor.py:163} INFO - Started process (PID=92) to work on /airflow/dags/demo.py
[2022-03-19 03:51:27,370] {processor.py:642} INFO - Processing file /airflow/dags/demo.py for tasks to queue
[2022-03-19 03:51:27,371] {logging_mixin.py:109} INFO - [2022-03-19 03:51:27,371] {dagbag.py:500} INFO - Filling up the DagBag from /airflow/dags/demo.py
[2022-03-19 03:51:27,405] {processor.py:654} INFO - DAG(s) dict_keys(['demo_pipeline']) retrieved from /airflow/dags/demo.py
[2022-03-19 03:51:27,419] {logging_mixin.py:109} INFO - [2022-03-19 03:51:27,419] {dag.py:2398} INFO - Sync 1 DAGs
[2022-03-19 03:51:27,434] {logging_mixin.py:109} INFO - [2022-03-19 03:51:27,434] {dag.py:2937} INFO - Setting next_dagrun for demo_pipeline to None
[2022-03-19 03:51:27,460] {processor.py:171} INFO - Processing /airflow/dags/demo.py took 0.094 seconds
[2022-03-19 03:51:57,558] {processor.py:163} INFO - Started process (PID=93) to work on /airflow/dags/demo.py
[2022-03-19 03:51:57,560] {processor.py:642} INFO - Processing file /airflow/dags/demo.py for tasks to queue
[2022-03-19 03:51:57,561] {logging_mixin.py:109} INFO - [2022-03-19 03:51:57,561] {dagbag.py:500} INFO - Filling up the DagBag from /airflow/dags/demo.py
[2022-03-19 03:51:57,590] {processor.py:654} INFO - DAG(s) dict_keys(['demo_pipeline']) retrieved from /airflow/dags/demo.py
[2022-03-19 03:51:57,601] {logging_mixin.py:109} INFO - [2022-03-19 03:51:57,601] {dag.py:2398} INFO - Sync 1 DAGs
[2022-03-19 03:51:57,617] {logging_mixin.py:109} INFO - [2022-03-19 03:51:57,616] {dag.py:2937} INFO - Setting next_dagrun for demo_pipeline to None
[2022-03-19 03:51:57,644] {processor.py:171} INFO - Processing /airflow/dags/demo.py took 0.089 seconds
[2022-03-19 03:52:27,719] {processor.py:163} INFO - Started process (PID=94) to work on /airflow/dags/demo.py
[2022-03-19 03:52:27,720] {processor.py:642} INFO - Processing file /airflow/dags/demo.py for tasks to queue
[2022-03-19 03:52:27,721] {logging_mixin.py:109} INFO - [2022-03-19 03:52:27,721] {dagbag.py:500} INFO - Filling up the DagBag from /airflow/dags/demo.py
[2022-03-19 03:52:27,750] {processor.py:654} INFO - DAG(s) dict_keys(['demo_pipeline']) retrieved from /airflow/dags/demo.py
[2022-03-19 03:52:27,761] {logging_mixin.py:109} INFO - [2022-03-19 03:52:27,761] {dag.py:2398} INFO - Sync 1 DAGs
[2022-03-19 03:52:27,775] {logging_mixin.py:109} INFO - [2022-03-19 03:52:27,775] {dag.py:2937} INFO - Setting next_dagrun for demo_pipeline to None
[2022-03-19 03:52:27,804] {processor.py:171} INFO - Processing /airflow/dags/demo.py took 0.087 seconds
[2022-03-19 03:52:57,914] {processor.py:163} INFO - Started process (PID=95) to work on /airflow/dags/demo.py
[2022-03-19 03:52:57,916] {processor.py:642} INFO - Processing file /airflow/dags/demo.py for tasks to queue
[2022-03-19 03:52:57,917] {logging_mixin.py:109} INFO - [2022-03-19 03:52:57,917] {dagbag.py:500} INFO - Filling up the DagBag from /airflow/dags/demo.py
[2022-03-19 03:52:57,945] {processor.py:654} INFO - DAG(s) dict_keys(['demo_pipeline']) retrieved from /airflow/dags/demo.py
[2022-03-19 03:52:57,956] {logging_mixin.py:109} INFO - [2022-03-19 03:52:57,956] {dag.py:2398} INFO - Sync 1 DAGs
[2022-03-19 03:52:57,970] {logging_mixin.py:109} INFO - [2022-03-19 03:52:57,970] {dag.py:2937} INFO - Setting next_dagrun for demo_pipeline to None
[2022-03-19 03:52:58,002] {processor.py:171} INFO - Processing /airflow/dags/demo.py took 0.091 seconds
[2022-03-19 03:53:28,099] {processor.py:163} INFO - Started process (PID=96) to work on /airflow/dags/demo.py
[2022-03-19 03:53:28,101] {processor.py:642} INFO - Processing file /airflow/dags/demo.py for tasks to queue
[2022-03-19 03:53:28,102] {logging_mixin.py:109} INFO - [2022-03-19 03:53:28,102] {dagbag.py:500} INFO - Filling up the DagBag from /airflow/dags/demo.py
[2022-03-19 03:53:28,130] {processor.py:654} INFO - DAG(s) dict_keys(['demo_pipeline']) retrieved from /airflow/dags/demo.py
[2022-03-19 03:53:28,142] {logging_mixin.py:109} INFO - [2022-03-19 03:53:28,142] {dag.py:2398} INFO - Sync 1 DAGs
[2022-03-19 03:53:28,156] {logging_mixin.py:109} INFO - [2022-03-19 03:53:28,156] {dag.py:2937} INFO - Setting next_dagrun for demo_pipeline to None
[2022-03-19 03:53:28,181] {processor.py:171} INFO - Processing /airflow/dags/demo.py took 0.084 seconds
[2022-03-19 03:53:58,280] {processor.py:163} INFO - Started process (PID=97) to work on /airflow/dags/demo.py
[2022-03-19 03:53:58,282] {processor.py:642} INFO - Processing file /airflow/dags/demo.py for tasks to queue
[2022-03-19 03:53:58,283] {logging_mixin.py:109} INFO - [2022-03-19 03:53:58,282] {dagbag.py:500} INFO - Filling up the DagBag from /airflow/dags/demo.py
[2022-03-19 03:53:58,312] {processor.py:654} INFO - DAG(s) dict_keys(['demo_pipeline']) retrieved from /airflow/dags/demo.py
[2022-03-19 03:53:58,323] {logging_mixin.py:109} INFO - [2022-03-19 03:53:58,323] {dag.py:2398} INFO - Sync 1 DAGs
[2022-03-19 03:53:58,337] {logging_mixin.py:109} INFO - [2022-03-19 03:53:58,337] {dag.py:2937} INFO - Setting next_dagrun for demo_pipeline to None
[2022-03-19 03:53:58,363] {processor.py:171} INFO - Processing /airflow/dags/demo.py took 0.086 seconds
[2022-03-19 03:54:28,468] {processor.py:163} INFO - Started process (PID=98) to work on /airflow/dags/demo.py
[2022-03-19 03:54:28,469] {processor.py:642} INFO - Processing file /airflow/dags/demo.py for tasks to queue
[2022-03-19 03:54:28,470] {logging_mixin.py:109} INFO - [2022-03-19 03:54:28,470] {dagbag.py:500} INFO - Filling up the DagBag from /airflow/dags/demo.py
[2022-03-19 03:54:28,498] {processor.py:654} INFO - DAG(s) dict_keys(['demo_pipeline']) retrieved from /airflow/dags/demo.py
[2022-03-19 03:54:28,510] {logging_mixin.py:109} INFO - [2022-03-19 03:54:28,510] {dag.py:2398} INFO - Sync 1 DAGs
[2022-03-19 03:54:28,524] {logging_mixin.py:109} INFO - [2022-03-19 03:54:28,524] {dag.py:2937} INFO - Setting next_dagrun for demo_pipeline to None
[2022-03-19 03:54:28,551] {processor.py:171} INFO - Processing /airflow/dags/demo.py took 0.086 seconds
[2022-03-19 03:54:58,655] {processor.py:163} INFO - Started process (PID=99) to work on /airflow/dags/demo.py
[2022-03-19 03:54:58,657] {processor.py:642} INFO - Processing file /airflow/dags/demo.py for tasks to queue
[2022-03-19 03:54:58,658] {logging_mixin.py:109} INFO - [2022-03-19 03:54:58,658] {dagbag.py:500} INFO - Filling up the DagBag from /airflow/dags/demo.py
[2022-03-19 03:54:58,686] {processor.py:654} INFO - DAG(s) dict_keys(['demo_pipeline']) retrieved from /airflow/dags/demo.py
[2022-03-19 03:54:58,697] {logging_mixin.py:109} INFO - [2022-03-19 03:54:58,697] {dag.py:2398} INFO - Sync 1 DAGs
[2022-03-19 03:54:58,714] {logging_mixin.py:109} INFO - [2022-03-19 03:54:58,714] {dag.py:2937} INFO - Setting next_dagrun for demo_pipeline to None
[2022-03-19 03:54:58,747] {processor.py:171} INFO - Processing /airflow/dags/demo.py took 0.094 seconds
[2022-03-19 03:55:28,795] {processor.py:163} INFO - Started process (PID=100) to work on /airflow/dags/demo.py
[2022-03-19 03:55:28,796] {processor.py:642} INFO - Processing file /airflow/dags/demo.py for tasks to queue
[2022-03-19 03:55:28,797] {logging_mixin.py:109} INFO - [2022-03-19 03:55:28,797] {dagbag.py:500} INFO - Filling up the DagBag from /airflow/dags/demo.py
[2022-03-19 03:55:28,825] {processor.py:654} INFO - DAG(s) dict_keys(['demo_pipeline']) retrieved from /airflow/dags/demo.py
[2022-03-19 03:55:28,838] {logging_mixin.py:109} INFO - [2022-03-19 03:55:28,838] {dag.py:2398} INFO - Sync 1 DAGs
[2022-03-19 03:55:28,852] {logging_mixin.py:109} INFO - [2022-03-19 03:55:28,852] {dag.py:2937} INFO - Setting next_dagrun for demo_pipeline to None
[2022-03-19 03:55:28,890] {processor.py:171} INFO - Processing /airflow/dags/demo.py took 0.098 seconds
[2022-03-19 03:55:59,069] {processor.py:163} INFO - Started process (PID=101) to work on /airflow/dags/demo.py
[2022-03-19 03:55:59,070] {processor.py:642} INFO - Processing file /airflow/dags/demo.py for tasks to queue
[2022-03-19 03:55:59,071] {logging_mixin.py:109} INFO - [2022-03-19 03:55:59,071] {dagbag.py:500} INFO - Filling up the DagBag from /airflow/dags/demo.py
[2022-03-19 03:55:59,099] {processor.py:654} INFO - DAG(s) dict_keys(['demo_pipeline']) retrieved from /airflow/dags/demo.py
[2022-03-19 03:55:59,110] {logging_mixin.py:109} INFO - [2022-03-19 03:55:59,110] {dag.py:2398} INFO - Sync 1 DAGs
[2022-03-19 03:55:59,125] {logging_mixin.py:109} INFO - [2022-03-19 03:55:59,124] {dag.py:2937} INFO - Setting next_dagrun for demo_pipeline to None
[2022-03-19 03:55:59,151] {processor.py:171} INFO - Processing /airflow/dags/demo.py took 0.084 seconds
[2022-03-19 03:56:29,251] {processor.py:163} INFO - Started process (PID=102) to work on /airflow/dags/demo.py
[2022-03-19 03:56:29,254] {processor.py:642} INFO - Processing file /airflow/dags/demo.py for tasks to queue
[2022-03-19 03:56:29,255] {logging_mixin.py:109} INFO - [2022-03-19 03:56:29,254] {dagbag.py:500} INFO - Filling up the DagBag from /airflow/dags/demo.py
[2022-03-19 03:56:29,285] {processor.py:654} INFO - DAG(s) dict_keys(['demo_pipeline']) retrieved from /airflow/dags/demo.py
[2022-03-19 03:56:29,297] {logging_mixin.py:109} INFO - [2022-03-19 03:56:29,297] {dag.py:2398} INFO - Sync 1 DAGs
[2022-03-19 03:56:29,314] {logging_mixin.py:109} INFO - [2022-03-19 03:56:29,314] {dag.py:2937} INFO - Setting next_dagrun for demo_pipeline to None
[2022-03-19 03:56:29,339] {processor.py:171} INFO - Processing /airflow/dags/demo.py took 0.090 seconds
[2022-03-19 03:56:59,437] {processor.py:163} INFO - Started process (PID=103) to work on /airflow/dags/demo.py
[2022-03-19 03:56:59,439] {processor.py:642} INFO - Processing file /airflow/dags/demo.py for tasks to queue
[2022-03-19 03:56:59,440] {logging_mixin.py:109} INFO - [2022-03-19 03:56:59,440] {dagbag.py:500} INFO - Filling up the DagBag from /airflow/dags/demo.py
[2022-03-19 03:56:59,470] {processor.py:654} INFO - DAG(s) dict_keys(['demo_pipeline']) retrieved from /airflow/dags/demo.py
[2022-03-19 03:56:59,481] {logging_mixin.py:109} INFO - [2022-03-19 03:56:59,481] {dag.py:2398} INFO - Sync 1 DAGs
[2022-03-19 03:56:59,498] {logging_mixin.py:109} INFO - [2022-03-19 03:56:59,498] {dag.py:2937} INFO - Setting next_dagrun for demo_pipeline to None
[2022-03-19 03:56:59,525] {processor.py:171} INFO - Processing /airflow/dags/demo.py took 0.091 seconds
[2022-03-19 03:57:29,639] {processor.py:163} INFO - Started process (PID=104) to work on /airflow/dags/demo.py
[2022-03-19 03:57:29,651] {processor.py:642} INFO - Processing file /airflow/dags/demo.py for tasks to queue
[2022-03-19 03:57:29,671] {logging_mixin.py:109} INFO - [2022-03-19 03:57:29,670] {dagbag.py:500} INFO - Filling up the DagBag from /airflow/dags/demo.py
[2022-03-19 03:57:29,704] {processor.py:654} INFO - DAG(s) dict_keys(['demo_pipeline']) retrieved from /airflow/dags/demo.py
[2022-03-19 03:57:29,715] {logging_mixin.py:109} INFO - [2022-03-19 03:57:29,715] {dag.py:2398} INFO - Sync 1 DAGs
[2022-03-19 03:57:29,731] {logging_mixin.py:109} INFO - [2022-03-19 03:57:29,731] {dag.py:2937} INFO - Setting next_dagrun for demo_pipeline to None
[2022-03-19 03:57:29,756] {processor.py:171} INFO - Processing /airflow/dags/demo.py took 0.119 seconds
[2022-03-19 03:57:59,926] {processor.py:163} INFO - Started process (PID=105) to work on /airflow/dags/demo.py
[2022-03-19 03:57:59,927] {processor.py:642} INFO - Processing file /airflow/dags/demo.py for tasks to queue
[2022-03-19 03:57:59,928] {logging_mixin.py:109} INFO - [2022-03-19 03:57:59,928] {dagbag.py:500} INFO - Filling up the DagBag from /airflow/dags/demo.py
[2022-03-19 03:57:59,959] {processor.py:654} INFO - DAG(s) dict_keys(['demo_pipeline']) retrieved from /airflow/dags/demo.py
[2022-03-19 03:57:59,975] {logging_mixin.py:109} INFO - [2022-03-19 03:57:59,975] {dag.py:2398} INFO - Sync 1 DAGs
[2022-03-19 03:57:59,997] {logging_mixin.py:109} INFO - [2022-03-19 03:57:59,996] {dag.py:2937} INFO - Setting next_dagrun for demo_pipeline to None
[2022-03-19 03:58:00,035] {processor.py:171} INFO - Processing /airflow/dags/demo.py took 0.112 seconds
[2022-03-19 03:58:30,247] {processor.py:163} INFO - Started process (PID=106) to work on /airflow/dags/demo.py
[2022-03-19 03:58:30,248] {processor.py:642} INFO - Processing file /airflow/dags/demo.py for tasks to queue
[2022-03-19 03:58:30,249] {logging_mixin.py:109} INFO - [2022-03-19 03:58:30,249] {dagbag.py:500} INFO - Filling up the DagBag from /airflow/dags/demo.py
[2022-03-19 03:58:30,277] {processor.py:654} INFO - DAG(s) dict_keys(['demo_pipeline']) retrieved from /airflow/dags/demo.py
[2022-03-19 03:58:30,289] {logging_mixin.py:109} INFO - [2022-03-19 03:58:30,288] {dag.py:2398} INFO - Sync 1 DAGs
[2022-03-19 03:58:30,304] {logging_mixin.py:109} INFO - [2022-03-19 03:58:30,304] {dag.py:2937} INFO - Setting next_dagrun for demo_pipeline to None
[2022-03-19 03:58:30,334] {processor.py:171} INFO - Processing /airflow/dags/demo.py took 0.089 seconds
[2022-03-19 03:59:00,451] {processor.py:163} INFO - Started process (PID=107) to work on /airflow/dags/demo.py
[2022-03-19 03:59:00,452] {processor.py:642} INFO - Processing file /airflow/dags/demo.py for tasks to queue
[2022-03-19 03:59:00,453] {logging_mixin.py:109} INFO - [2022-03-19 03:59:00,453] {dagbag.py:500} INFO - Filling up the DagBag from /airflow/dags/demo.py
[2022-03-19 03:59:00,480] {processor.py:654} INFO - DAG(s) dict_keys(['demo_pipeline']) retrieved from /airflow/dags/demo.py
[2022-03-19 03:59:00,491] {logging_mixin.py:109} INFO - [2022-03-19 03:59:00,491] {dag.py:2398} INFO - Sync 1 DAGs
[2022-03-19 03:59:00,506] {logging_mixin.py:109} INFO - [2022-03-19 03:59:00,506] {dag.py:2937} INFO - Setting next_dagrun for demo_pipeline to None
[2022-03-19 03:59:00,533] {processor.py:171} INFO - Processing /airflow/dags/demo.py took 0.084 seconds
[2022-03-19 03:59:30,648] {processor.py:163} INFO - Started process (PID=108) to work on /airflow/dags/demo.py
[2022-03-19 03:59:30,649] {processor.py:642} INFO - Processing file /airflow/dags/demo.py for tasks to queue
[2022-03-19 03:59:30,650] {logging_mixin.py:109} INFO - [2022-03-19 03:59:30,650] {dagbag.py:500} INFO - Filling up the DagBag from /airflow/dags/demo.py
[2022-03-19 03:59:30,681] {processor.py:654} INFO - DAG(s) dict_keys(['demo_pipeline']) retrieved from /airflow/dags/demo.py
[2022-03-19 03:59:30,693] {logging_mixin.py:109} INFO - [2022-03-19 03:59:30,693] {dag.py:2398} INFO - Sync 1 DAGs
[2022-03-19 03:59:30,708] {logging_mixin.py:109} INFO - [2022-03-19 03:59:30,708] {dag.py:2937} INFO - Setting next_dagrun for demo_pipeline to None
[2022-03-19 03:59:30,734] {processor.py:171} INFO - Processing /airflow/dags/demo.py took 0.089 seconds
[2022-03-19 04:00:37,157] {processor.py:163} INFO - Started process (PID=309) to work on /airflow/dags/demo.py
[2022-03-19 04:00:37,159] {processor.py:642} INFO - Processing file /airflow/dags/demo.py for tasks to queue
[2022-03-19 04:00:37,160] {logging_mixin.py:109} INFO - [2022-03-19 04:00:37,160] {dagbag.py:500} INFO - Filling up the DagBag from /airflow/dags/demo.py
[2022-03-19 04:00:37,193] {processor.py:654} INFO - DAG(s) dict_keys(['demo_pipeline']) retrieved from /airflow/dags/demo.py
[2022-03-19 04:00:37,211] {logging_mixin.py:109} INFO - [2022-03-19 04:00:37,211] {dag.py:2398} INFO - Sync 1 DAGs
[2022-03-19 04:00:37,233] {logging_mixin.py:109} INFO - [2022-03-19 04:00:37,232] {dag.py:2937} INFO - Setting next_dagrun for demo_pipeline to None
[2022-03-19 04:00:37,271] {processor.py:171} INFO - Processing /airflow/dags/demo.py took 0.117 seconds
[2022-03-19 04:01:07,649] {processor.py:163} INFO - Started process (PID=310) to work on /airflow/dags/demo.py
[2022-03-19 04:01:07,650] {processor.py:642} INFO - Processing file /airflow/dags/demo.py for tasks to queue
[2022-03-19 04:01:07,651] {logging_mixin.py:109} INFO - [2022-03-19 04:01:07,651] {dagbag.py:500} INFO - Filling up the DagBag from /airflow/dags/demo.py
[2022-03-19 04:01:07,732] {processor.py:654} INFO - DAG(s) dict_keys(['demo_pipeline']) retrieved from /airflow/dags/demo.py
[2022-03-19 04:01:07,744] {logging_mixin.py:109} INFO - [2022-03-19 04:01:07,744] {dag.py:2398} INFO - Sync 1 DAGs
[2022-03-19 04:01:07,758] {logging_mixin.py:109} INFO - [2022-03-19 04:01:07,758] {dag.py:2937} INFO - Setting next_dagrun for demo_pipeline to None
[2022-03-19 04:01:07,784] {processor.py:171} INFO - Processing /airflow/dags/demo.py took 0.138 seconds
[2022-03-19 04:01:38,264] {processor.py:163} INFO - Started process (PID=311) to work on /airflow/dags/demo.py
[2022-03-19 04:01:38,266] {processor.py:642} INFO - Processing file /airflow/dags/demo.py for tasks to queue
[2022-03-19 04:01:38,268] {logging_mixin.py:109} INFO - [2022-03-19 04:01:38,268] {dagbag.py:500} INFO - Filling up the DagBag from /airflow/dags/demo.py
[2022-03-19 04:01:38,361] {processor.py:654} INFO - DAG(s) dict_keys(['demo_pipeline']) retrieved from /airflow/dags/demo.py
[2022-03-19 04:01:38,376] {logging_mixin.py:109} INFO - [2022-03-19 04:01:38,376] {dag.py:2398} INFO - Sync 1 DAGs
[2022-03-19 04:01:38,393] {logging_mixin.py:109} INFO - [2022-03-19 04:01:38,393] {dag.py:2937} INFO - Setting next_dagrun for demo_pipeline to None
[2022-03-19 04:01:38,431] {processor.py:171} INFO - Processing /airflow/dags/demo.py took 0.169 seconds
[2022-03-19 04:02:09,069] {processor.py:163} INFO - Started process (PID=312) to work on /airflow/dags/demo.py
[2022-03-19 04:02:09,071] {processor.py:642} INFO - Processing file /airflow/dags/demo.py for tasks to queue
[2022-03-19 04:02:09,071] {logging_mixin.py:109} INFO - [2022-03-19 04:02:09,071] {dagbag.py:500} INFO - Filling up the DagBag from /airflow/dags/demo.py
[2022-03-19 04:02:09,149] {processor.py:654} INFO - DAG(s) dict_keys(['demo_pipeline']) retrieved from /airflow/dags/demo.py
[2022-03-19 04:02:09,162] {logging_mixin.py:109} INFO - [2022-03-19 04:02:09,162] {dag.py:2398} INFO - Sync 1 DAGs
[2022-03-19 04:02:09,177] {logging_mixin.py:109} INFO - [2022-03-19 04:02:09,177] {dag.py:2937} INFO - Setting next_dagrun for demo_pipeline to None
[2022-03-19 04:02:09,208] {processor.py:171} INFO - Processing /airflow/dags/demo.py took 0.142 seconds
