[2022-03-17 19:30:39,760] {manager.py:514} INFO - Processing files using up to 1 processes at a time 
[2022-03-17 19:30:39,761] {manager.py:515} INFO - Process each file at most once every 30 seconds
[2022-03-17 19:30:39,762] {manager.py:516} INFO - Checking for new files in /airflow/dags every 300 seconds
[2022-03-17 19:30:39,763] {manager.py:663} INFO - Searching for files in /airflow/dags
[2022-03-17 19:30:39,768] {manager.py:666} INFO - There are 1 files in /airflow/dags
[2022-03-17 19:30:39,806] {manager.py:1065} INFO - Finding 'running' jobs without a recent heartbeat
[2022-03-17 19:30:39,807] {manager.py:1069} INFO - Failing jobs without heartbeat after 2022-03-17 19:25:39.807975+00:00
[2022-03-17 19:30:39,928] {manager.py:784} INFO - 
================================================================================
DAG File Processing Stats

File Path              PID    Runtime      # DAGs    # Errors  Last Runtime    Last Run
---------------------  -----  ---------  --------  ----------  --------------  -------------------
/airflow/dags/demo.py                           1           0  0.10s           2022-03-17T19:30:39
================================================================================
[2022-03-17 19:30:49,880] {manager.py:1065} INFO - Finding 'running' jobs without a recent heartbeat
[2022-03-17 19:30:49,883] {manager.py:1069} INFO - Failing jobs without heartbeat after 2022-03-17 19:25:49.883141+00:00
[2022-03-17 19:31:00,091] {manager.py:1065} INFO - Finding 'running' jobs without a recent heartbeat
[2022-03-17 19:31:00,108] {manager.py:1069} INFO - Failing jobs without heartbeat after 2022-03-17 19:26:00.108319+00:00
[2022-03-17 19:31:10,617] {manager.py:1065} INFO - Finding 'running' jobs without a recent heartbeat
[2022-03-17 19:31:10,621] {manager.py:1069} INFO - Failing jobs without heartbeat after 2022-03-17 19:26:10.621316+00:00
[2022-03-17 19:31:10,737] {manager.py:784} INFO - 
================================================================================
DAG File Processing Stats

File Path              PID    Runtime      # DAGs    # Errors  Last Runtime    Last Run
---------------------  -----  ---------  --------  ----------  --------------  -------------------
/airflow/dags/demo.py                           1           0  0.10s           2022-03-17T19:31:10
================================================================================
[2022-03-17 19:31:20,891] {manager.py:1065} INFO - Finding 'running' jobs without a recent heartbeat
[2022-03-17 19:31:20,893] {manager.py:1069} INFO - Failing jobs without heartbeat after 2022-03-17 19:26:20.893830+00:00
[2022-03-17 19:31:31,090] {manager.py:1065} INFO - Finding 'running' jobs without a recent heartbeat
[2022-03-17 19:31:31,094] {manager.py:1069} INFO - Failing jobs without heartbeat after 2022-03-17 19:26:31.094138+00:00
[2022-03-17 19:31:36,826] {manager.py:495} INFO - Exiting gracefully upon receiving signal 15
[2022-03-17 19:32:11,983] {manager.py:514} INFO - Processing files using up to 1 processes at a time 
[2022-03-17 19:32:11,984] {manager.py:515} INFO - Process each file at most once every 30 seconds
[2022-03-17 19:32:11,985] {manager.py:516} INFO - Checking for new files in /airflow/dags every 300 seconds
[2022-03-17 19:32:11,986] {manager.py:663} INFO - Searching for files in /airflow/dags
[2022-03-17 19:32:11,993] {manager.py:666} INFO - There are 1 files in /airflow/dags
[2022-03-17 19:32:12,034] {manager.py:1065} INFO - Finding 'running' jobs without a recent heartbeat
[2022-03-17 19:32:12,036] {manager.py:1069} INFO - Failing jobs without heartbeat after 2022-03-17 19:27:12.036027+00:00
[2022-03-17 19:32:12,256] {manager.py:784} INFO - 
================================================================================
DAG File Processing Stats

File Path              PID    Runtime      # DAGs    # Errors  Last Runtime    Last Run
---------------------  -----  ---------  --------  ----------  --------------  -------------------
/airflow/dags/demo.py                           1           0  0.20s           2022-03-17T19:32:12
================================================================================
[2022-03-17 19:32:22,080] {manager.py:1065} INFO - Finding 'running' jobs without a recent heartbeat
[2022-03-17 19:32:22,084] {manager.py:1069} INFO - Failing jobs without heartbeat after 2022-03-17 19:27:22.084302+00:00
[2022-03-17 19:32:32,311] {manager.py:1065} INFO - Finding 'running' jobs without a recent heartbeat
[2022-03-17 19:32:32,315] {manager.py:1069} INFO - Failing jobs without heartbeat after 2022-03-17 19:27:32.315019+00:00
[2022-03-17 19:32:42,684] {manager.py:1065} INFO - Finding 'running' jobs without a recent heartbeat
[2022-03-17 19:32:42,687] {manager.py:1069} INFO - Failing jobs without heartbeat after 2022-03-17 19:27:42.687659+00:00
[2022-03-17 19:32:42,903] {manager.py:784} INFO - 
================================================================================
DAG File Processing Stats

File Path              PID    Runtime      # DAGs    # Errors  Last Runtime    Last Run
---------------------  -----  ---------  --------  ----------  --------------  -------------------
/airflow/dags/demo.py                           1           0  0.20s           2022-03-17T19:32:42
================================================================================
[2022-03-17 19:32:53,430] {manager.py:1065} INFO - Finding 'running' jobs without a recent heartbeat
[2022-03-17 19:32:53,432] {manager.py:1069} INFO - Failing jobs without heartbeat after 2022-03-17 19:27:53.432798+00:00
[2022-03-17 19:33:03,466] {manager.py:1065} INFO - Finding 'running' jobs without a recent heartbeat
[2022-03-17 19:33:03,467] {manager.py:1069} INFO - Failing jobs without heartbeat after 2022-03-17 19:28:03.467950+00:00
[2022-03-17 19:33:13,438] {manager.py:784} INFO - 
================================================================================
DAG File Processing Stats

File Path              PID    Runtime      # DAGs    # Errors  Last Runtime    Last Run
---------------------  -----  ---------  --------  ----------  --------------  -------------------
/airflow/dags/demo.py                           1           0  0.20s           2022-03-17T19:33:13
================================================================================
[2022-03-17 19:33:14,490] {manager.py:1065} INFO - Finding 'running' jobs without a recent heartbeat
[2022-03-17 19:33:14,493] {manager.py:1069} INFO - Failing jobs without heartbeat after 2022-03-17 19:28:14.493199+00:00
[2022-03-17 19:33:24,833] {manager.py:1065} INFO - Finding 'running' jobs without a recent heartbeat
[2022-03-17 19:33:24,837] {manager.py:1069} INFO - Failing jobs without heartbeat after 2022-03-17 19:28:24.837026+00:00
[2022-03-17 19:33:35,012] {manager.py:1065} INFO - Finding 'running' jobs without a recent heartbeat
[2022-03-17 19:33:35,014] {manager.py:1069} INFO - Failing jobs without heartbeat after 2022-03-17 19:28:35.014419+00:00
[2022-03-17 19:33:44,516] {manager.py:784} INFO - 
================================================================================
DAG File Processing Stats

File Path              PID    Runtime      # DAGs    # Errors  Last Runtime    Last Run
---------------------  -----  ---------  --------  ----------  --------------  -------------------
/airflow/dags/demo.py                           1           0  0.10s           2022-03-17T19:33:44
================================================================================
[2022-03-17 19:33:45,563] {manager.py:1065} INFO - Finding 'running' jobs without a recent heartbeat
[2022-03-17 19:33:45,564] {manager.py:1069} INFO - Failing jobs without heartbeat after 2022-03-17 19:28:45.564263+00:00
[2022-03-17 19:33:59,334] {manager.py:1065} INFO - Finding 'running' jobs without a recent heartbeat
[2022-03-17 19:33:59,335] {manager.py:1069} INFO - Failing jobs without heartbeat after 2022-03-17 19:28:59.335829+00:00
[2022-03-17 19:34:09,416] {manager.py:1065} INFO - Finding 'running' jobs without a recent heartbeat
[2022-03-17 19:34:09,419] {manager.py:1069} INFO - Failing jobs without heartbeat after 2022-03-17 19:29:09.419331+00:00
[2022-03-17 19:34:14,514] {manager.py:784} INFO - 
================================================================================
DAG File Processing Stats

File Path              PID    Runtime      # DAGs    # Errors  Last Runtime    Last Run
---------------------  -----  ---------  --------  ----------  --------------  -------------------
/airflow/dags/demo.py                           1           0  0.10s           2022-03-17T19:33:44
================================================================================
[2022-03-17 19:39:20,933] {manager.py:514} INFO - Processing files using up to 1 processes at a time 
[2022-03-17 19:39:20,934] {manager.py:515} INFO - Process each file at most once every 30 seconds
[2022-03-17 19:39:20,936] {manager.py:516} INFO - Checking for new files in /airflow/dags every 300 seconds
[2022-03-17 19:39:20,937] {manager.py:663} INFO - Searching for files in /airflow/dags
[2022-03-17 19:39:20,945] {manager.py:666} INFO - There are 1 files in /airflow/dags
[2022-03-17 19:39:21,006] {manager.py:1065} INFO - Finding 'running' jobs without a recent heartbeat
[2022-03-17 19:39:21,007] {manager.py:1069} INFO - Failing jobs without heartbeat after 2022-03-17 19:34:21.007197+00:00
[2022-03-17 19:39:21,228] {manager.py:784} INFO - 
================================================================================
DAG File Processing Stats

File Path              PID    Runtime      # DAGs    # Errors  Last Runtime    Last Run
---------------------  -----  ---------  --------  ----------  --------------  -------------------
/airflow/dags/demo.py                           1           0  0.20s           2022-03-17T19:39:21
================================================================================
[2022-03-17 19:39:31,093] {manager.py:1065} INFO - Finding 'running' jobs without a recent heartbeat
[2022-03-17 19:39:31,097] {manager.py:1069} INFO - Failing jobs without heartbeat after 2022-03-17 19:34:31.097185+00:00
[2022-03-17 19:39:41,279] {manager.py:1065} INFO - Finding 'running' jobs without a recent heartbeat
[2022-03-17 19:39:41,283] {manager.py:1069} INFO - Failing jobs without heartbeat after 2022-03-17 19:34:41.283637+00:00
[2022-03-17 19:40:30,741] {manager.py:1065} INFO - Finding 'running' jobs without a recent heartbeat
[2022-03-17 19:40:30,743] {manager.py:1069} INFO - Failing jobs without heartbeat after 2022-03-17 19:35:30.743135+00:00
[2022-03-17 19:40:30,960] {manager.py:784} INFO - 
================================================================================
DAG File Processing Stats

File Path              PID    Runtime      # DAGs    # Errors  Last Runtime    Last Run
---------------------  -----  ---------  --------  ----------  --------------  -------------------
/airflow/dags/demo.py                           1           0  0.20s           2022-03-17T19:40:30
================================================================================
[2022-03-17 19:40:40,843] {manager.py:1065} INFO - Finding 'running' jobs without a recent heartbeat
[2022-03-17 19:40:40,846] {manager.py:1069} INFO - Failing jobs without heartbeat after 2022-03-17 19:35:40.846182+00:00
[2022-03-17 19:40:51,017] {manager.py:1065} INFO - Finding 'running' jobs without a recent heartbeat
[2022-03-17 19:40:51,020] {manager.py:1069} INFO - Failing jobs without heartbeat after 2022-03-17 19:35:51.020877+00:00
[2022-03-17 19:41:01,268] {manager.py:1065} INFO - Finding 'running' jobs without a recent heartbeat
[2022-03-17 19:41:01,271] {manager.py:1069} INFO - Failing jobs without heartbeat after 2022-03-17 19:36:01.271616+00:00
[2022-03-17 19:41:01,389] {manager.py:784} INFO - 
================================================================================
DAG File Processing Stats

File Path              PID    Runtime      # DAGs    # Errors  Last Runtime    Last Run
---------------------  -----  ---------  --------  ----------  --------------  -------------------
/airflow/dags/demo.py                           1           0  0.11s           2022-03-17T19:41:01
================================================================================
[2022-03-17 19:41:11,578] {manager.py:1065} INFO - Finding 'running' jobs without a recent heartbeat
[2022-03-17 19:41:11,580] {manager.py:1069} INFO - Failing jobs without heartbeat after 2022-03-17 19:36:11.580450+00:00
[2022-03-17 19:41:21,886] {manager.py:1065} INFO - Finding 'running' jobs without a recent heartbeat
[2022-03-17 19:41:21,888] {manager.py:1069} INFO - Failing jobs without heartbeat after 2022-03-17 19:36:21.888763+00:00
[2022-03-17 19:41:31,946] {manager.py:1065} INFO - Finding 'running' jobs without a recent heartbeat
[2022-03-17 19:41:31,949] {manager.py:1069} INFO - Failing jobs without heartbeat after 2022-03-17 19:36:31.949772+00:00
[2022-03-17 19:41:32,167] {manager.py:784} INFO - 
================================================================================
DAG File Processing Stats

File Path              PID    Runtime      # DAGs    # Errors  Last Runtime    Last Run
---------------------  -----  ---------  --------  ----------  --------------  -------------------
/airflow/dags/demo.py                           1           0  0.20s           2022-03-17T19:41:32
================================================================================
[2022-03-17 19:41:42,350] {manager.py:1065} INFO - Finding 'running' jobs without a recent heartbeat
[2022-03-17 19:41:42,353] {manager.py:1069} INFO - Failing jobs without heartbeat after 2022-03-17 19:36:42.353398+00:00
[2022-03-17 19:41:52,562] {manager.py:1065} INFO - Finding 'running' jobs without a recent heartbeat
[2022-03-17 19:41:52,565] {manager.py:1069} INFO - Failing jobs without heartbeat after 2022-03-17 19:36:52.565737+00:00
[2022-03-17 19:42:02,740] {manager.py:1065} INFO - Finding 'running' jobs without a recent heartbeat
[2022-03-17 19:42:02,743] {manager.py:1069} INFO - Failing jobs without heartbeat after 2022-03-17 19:37:02.743387+00:00
[2022-03-17 19:42:02,960] {manager.py:784} INFO - 
================================================================================
DAG File Processing Stats

File Path              PID    Runtime      # DAGs    # Errors  Last Runtime    Last Run
---------------------  -----  ---------  --------  ----------  --------------  -------------------
/airflow/dags/demo.py                           1           0  0.20s           2022-03-17T19:42:02
================================================================================
[2022-03-17 19:42:13,171] {manager.py:1065} INFO - Finding 'running' jobs without a recent heartbeat
[2022-03-17 19:42:13,174] {manager.py:1069} INFO - Failing jobs without heartbeat after 2022-03-17 19:37:13.174949+00:00
[2022-03-17 19:42:23,345] {manager.py:1065} INFO - Finding 'running' jobs without a recent heartbeat
[2022-03-17 19:42:23,349] {manager.py:1069} INFO - Failing jobs without heartbeat after 2022-03-17 19:37:23.349701+00:00
[2022-03-17 19:42:33,465] {manager.py:784} INFO - 
================================================================================
DAG File Processing Stats

File Path              PID    Runtime      # DAGs    # Errors  Last Runtime    Last Run
---------------------  -----  ---------  --------  ----------  --------------  -------------------
/airflow/dags/demo.py                           1           0  0.20s           2022-03-17T19:42:33
================================================================================
[2022-03-17 19:42:33,759] {manager.py:1065} INFO - Finding 'running' jobs without a recent heartbeat
[2022-03-17 19:42:33,761] {manager.py:1069} INFO - Failing jobs without heartbeat after 2022-03-17 19:37:33.761010+00:00
[2022-03-17 19:42:43,995] {manager.py:1065} INFO - Finding 'running' jobs without a recent heartbeat
[2022-03-17 19:42:43,997] {manager.py:1069} INFO - Failing jobs without heartbeat after 2022-03-17 19:37:43.997778+00:00
[2022-03-17 19:42:54,156] {manager.py:1065} INFO - Finding 'running' jobs without a recent heartbeat
[2022-03-17 19:42:54,162] {manager.py:1069} INFO - Failing jobs without heartbeat after 2022-03-17 19:37:54.162170+00:00
[2022-03-17 19:43:04,365] {manager.py:1065} INFO - Finding 'running' jobs without a recent heartbeat
[2022-03-17 19:43:04,368] {manager.py:1069} INFO - Failing jobs without heartbeat after 2022-03-17 19:38:04.368857+00:00
[2022-03-17 19:43:04,592] {manager.py:784} INFO - 
================================================================================
DAG File Processing Stats

File Path              PID    Runtime      # DAGs    # Errors  Last Runtime    Last Run
---------------------  -----  ---------  --------  ----------  --------------  -------------------
/airflow/dags/demo.py                           1           0  0.20s           2022-03-17T19:43:04
================================================================================
[2022-03-17 19:43:14,780] {manager.py:1065} INFO - Finding 'running' jobs without a recent heartbeat
[2022-03-17 19:43:14,784] {manager.py:1069} INFO - Failing jobs without heartbeat after 2022-03-17 19:38:14.784146+00:00
[2022-03-17 19:43:24,955] {manager.py:1065} INFO - Finding 'running' jobs without a recent heartbeat
[2022-03-17 19:43:24,958] {manager.py:1069} INFO - Failing jobs without heartbeat after 2022-03-17 19:38:24.958690+00:00
[2022-03-17 19:43:35,144] {manager.py:1065} INFO - Finding 'running' jobs without a recent heartbeat
[2022-03-17 19:43:35,146] {manager.py:1069} INFO - Failing jobs without heartbeat after 2022-03-17 19:38:35.146655+00:00
[2022-03-17 19:43:35,365] {manager.py:784} INFO - 
================================================================================
DAG File Processing Stats

File Path              PID    Runtime      # DAGs    # Errors  Last Runtime    Last Run
---------------------  -----  ---------  --------  ----------  --------------  -------------------
/airflow/dags/demo.py                           1           0  0.20s           2022-03-17T19:43:35
================================================================================
[2022-03-17 19:43:45,654] {manager.py:1065} INFO - Finding 'running' jobs without a recent heartbeat
[2022-03-17 19:43:45,657] {manager.py:1069} INFO - Failing jobs without heartbeat after 2022-03-17 19:38:45.657086+00:00
[2022-03-17 19:43:55,803] {manager.py:1065} INFO - Finding 'running' jobs without a recent heartbeat
[2022-03-17 19:43:55,804] {manager.py:1069} INFO - Failing jobs without heartbeat after 2022-03-17 19:38:55.804660+00:00
[2022-03-17 19:44:05,921] {manager.py:784} INFO - 
================================================================================
DAG File Processing Stats

File Path              PID    Runtime      # DAGs    # Errors  Last Runtime    Last Run
---------------------  -----  ---------  --------  ----------  --------------  -------------------
/airflow/dags/demo.py                           1           0  0.21s           2022-03-17T19:44:05
================================================================================
[2022-03-17 19:44:07,027] {manager.py:1065} INFO - Finding 'running' jobs without a recent heartbeat
[2022-03-17 19:44:07,028] {manager.py:1069} INFO - Failing jobs without heartbeat after 2022-03-17 19:39:07.028682+00:00
[2022-03-17 19:44:17,644] {manager.py:1065} INFO - Finding 'running' jobs without a recent heartbeat
[2022-03-17 19:44:17,647] {manager.py:1069} INFO - Failing jobs without heartbeat after 2022-03-17 19:39:17.647841+00:00
[2022-03-17 19:44:43,076] {manager.py:663} INFO - Searching for files in /airflow/dags
[2022-03-17 19:44:43,080] {manager.py:666} INFO - There are 1 files in /airflow/dags
[2022-03-17 19:44:43,101] {manager.py:1065} INFO - Finding 'running' jobs without a recent heartbeat
[2022-03-17 19:44:43,102] {manager.py:1069} INFO - Failing jobs without heartbeat after 2022-03-17 19:39:43.102290+00:00
[2022-03-17 19:44:43,212] {manager.py:784} INFO - 
================================================================================
DAG File Processing Stats

File Path              PID    Runtime      # DAGs    # Errors  Last Runtime    Last Run
---------------------  -----  ---------  --------  ----------  --------------  -------------------
/airflow/dags/demo.py                           1           0  0.10s           2022-03-17T19:44:43
================================================================================
[2022-03-17 19:44:53,150] {manager.py:1065} INFO - Finding 'running' jobs without a recent heartbeat
[2022-03-17 19:44:53,153] {manager.py:1069} INFO - Failing jobs without heartbeat after 2022-03-17 19:39:53.153844+00:00
[2022-03-17 19:45:03,345] {manager.py:1065} INFO - Finding 'running' jobs without a recent heartbeat
[2022-03-17 19:45:03,349] {manager.py:1069} INFO - Failing jobs without heartbeat after 2022-03-17 19:40:03.349139+00:00
[2022-03-17 19:45:13,543] {manager.py:1065} INFO - Finding 'running' jobs without a recent heartbeat
[2022-03-17 19:45:13,546] {manager.py:1069} INFO - Failing jobs without heartbeat after 2022-03-17 19:40:13.546626+00:00
[2022-03-17 19:45:13,768] {manager.py:784} INFO - 
================================================================================
DAG File Processing Stats

File Path              PID    Runtime      # DAGs    # Errors  Last Runtime    Last Run
---------------------  -----  ---------  --------  ----------  --------------  -------------------
/airflow/dags/demo.py                           1           0  0.20s           2022-03-17T19:45:13
================================================================================
[2022-03-17 19:45:23,940] {manager.py:1065} INFO - Finding 'running' jobs without a recent heartbeat
[2022-03-17 19:45:23,942] {manager.py:1069} INFO - Failing jobs without heartbeat after 2022-03-17 19:40:23.942892+00:00
[2022-03-17 19:45:34,132] {manager.py:1065} INFO - Finding 'running' jobs without a recent heartbeat
[2022-03-17 19:45:34,135] {manager.py:1069} INFO - Failing jobs without heartbeat after 2022-03-17 19:40:34.135718+00:00
[2022-03-17 19:45:44,308] {manager.py:1065} INFO - Finding 'running' jobs without a recent heartbeat
[2022-03-17 19:45:44,310] {manager.py:1069} INFO - Failing jobs without heartbeat after 2022-03-17 19:40:44.310506+00:00
[2022-03-17 19:45:44,529] {manager.py:784} INFO - 
================================================================================
DAG File Processing Stats

File Path              PID    Runtime      # DAGs    # Errors  Last Runtime    Last Run
---------------------  -----  ---------  --------  ----------  --------------  -------------------
/airflow/dags/demo.py                           1           0  0.20s           2022-03-17T19:45:44
================================================================================
[2022-03-17 19:45:54,693] {manager.py:1065} INFO - Finding 'running' jobs without a recent heartbeat
[2022-03-17 19:45:54,695] {manager.py:1069} INFO - Failing jobs without heartbeat after 2022-03-17 19:40:54.695407+00:00
[2022-03-17 19:46:04,880] {manager.py:1065} INFO - Finding 'running' jobs without a recent heartbeat
[2022-03-17 19:46:04,882] {manager.py:1069} INFO - Failing jobs without heartbeat after 2022-03-17 19:41:04.882813+00:00
[2022-03-17 19:46:15,097] {manager.py:1065} INFO - Finding 'running' jobs without a recent heartbeat
[2022-03-17 19:46:15,099] {manager.py:1069} INFO - Failing jobs without heartbeat after 2022-03-17 19:41:15.099897+00:00
[2022-03-17 19:46:15,319] {manager.py:784} INFO - 
================================================================================
DAG File Processing Stats

File Path              PID    Runtime      # DAGs    # Errors  Last Runtime    Last Run
---------------------  -----  ---------  --------  ----------  --------------  -------------------
/airflow/dags/demo.py                           1           0  0.21s           2022-03-17T19:46:15
================================================================================
[2022-03-17 19:46:25,519] {manager.py:1065} INFO - Finding 'running' jobs without a recent heartbeat
[2022-03-17 19:46:25,522] {manager.py:1069} INFO - Failing jobs without heartbeat after 2022-03-17 19:41:25.522078+00:00
[2022-03-17 19:46:35,729] {manager.py:1065} INFO - Finding 'running' jobs without a recent heartbeat
[2022-03-17 19:46:35,730] {manager.py:1069} INFO - Failing jobs without heartbeat after 2022-03-17 19:41:35.730764+00:00
[2022-03-17 19:46:45,769] {manager.py:784} INFO - 
================================================================================
DAG File Processing Stats

File Path              PID    Runtime      # DAGs    # Errors  Last Runtime    Last Run
---------------------  -----  ---------  --------  ----------  --------------  -------------------
/airflow/dags/demo.py                           1           0  0.20s           2022-03-17T19:46:45
================================================================================
[2022-03-17 19:46:45,906] {manager.py:1065} INFO - Finding 'running' jobs without a recent heartbeat
[2022-03-17 19:46:45,909] {manager.py:1069} INFO - Failing jobs without heartbeat after 2022-03-17 19:41:45.909341+00:00
[2022-03-17 19:46:56,098] {manager.py:1065} INFO - Finding 'running' jobs without a recent heartbeat
[2022-03-17 19:46:56,100] {manager.py:1069} INFO - Failing jobs without heartbeat after 2022-03-17 19:41:56.100024+00:00
[2022-03-17 19:47:06,316] {manager.py:1065} INFO - Finding 'running' jobs without a recent heartbeat
[2022-03-17 19:47:06,318] {manager.py:1069} INFO - Failing jobs without heartbeat after 2022-03-17 19:42:06.318904+00:00
[2022-03-17 19:47:16,569] {manager.py:1065} INFO - Finding 'running' jobs without a recent heartbeat
[2022-03-17 19:47:16,571] {manager.py:1069} INFO - Failing jobs without heartbeat after 2022-03-17 19:42:16.571009+00:00
[2022-03-17 19:47:16,789] {manager.py:784} INFO - 
================================================================================
DAG File Processing Stats

File Path              PID    Runtime      # DAGs    # Errors  Last Runtime    Last Run
---------------------  -----  ---------  --------  ----------  --------------  -------------------
/airflow/dags/demo.py                           1           0  0.20s           2022-03-17T19:47:16
================================================================================
[2022-03-17 19:47:26,970] {manager.py:1065} INFO - Finding 'running' jobs without a recent heartbeat
[2022-03-17 19:47:26,972] {manager.py:1069} INFO - Failing jobs without heartbeat after 2022-03-17 19:42:26.972398+00:00
[2022-03-17 19:47:37,160] {manager.py:1065} INFO - Finding 'running' jobs without a recent heartbeat
[2022-03-17 19:47:37,163] {manager.py:1069} INFO - Failing jobs without heartbeat after 2022-03-17 19:42:37.163086+00:00
[2022-03-17 19:47:47,005] {manager.py:784} INFO - 
================================================================================
DAG File Processing Stats

File Path              PID    Runtime      # DAGs    # Errors  Last Runtime    Last Run
---------------------  -----  ---------  --------  ----------  --------------  -------------------
/airflow/dags/demo.py                           1           0  0.20s           2022-03-17T19:47:47
================================================================================
[2022-03-17 19:47:47,354] {manager.py:1065} INFO - Finding 'running' jobs without a recent heartbeat
[2022-03-17 19:47:47,356] {manager.py:1069} INFO - Failing jobs without heartbeat after 2022-03-17 19:42:47.356134+00:00
[2022-03-17 19:47:57,573] {manager.py:1065} INFO - Finding 'running' jobs without a recent heartbeat
[2022-03-17 19:47:57,576] {manager.py:1069} INFO - Failing jobs without heartbeat after 2022-03-17 19:42:57.576798+00:00
[2022-03-17 19:48:07,749] {manager.py:1065} INFO - Finding 'running' jobs without a recent heartbeat
[2022-03-17 19:48:07,751] {manager.py:1069} INFO - Failing jobs without heartbeat after 2022-03-17 19:43:07.751862+00:00
[2022-03-17 19:48:17,313] {manager.py:784} INFO - 
================================================================================
DAG File Processing Stats

File Path              PID    Runtime      # DAGs    # Errors  Last Runtime    Last Run
---------------------  -----  ---------  --------  ----------  --------------  -------------------
/airflow/dags/demo.py                           1           0  0.20s           2022-03-17T19:48:17
================================================================================
[2022-03-17 19:48:17,964] {manager.py:1065} INFO - Finding 'running' jobs without a recent heartbeat
[2022-03-17 19:48:17,965] {manager.py:1069} INFO - Failing jobs without heartbeat after 2022-03-17 19:43:17.965389+00:00
[2022-03-17 19:48:28,142] {manager.py:1065} INFO - Finding 'running' jobs without a recent heartbeat
[2022-03-17 19:48:28,145] {manager.py:1069} INFO - Failing jobs without heartbeat after 2022-03-17 19:43:28.145211+00:00
[2022-03-17 19:48:38,386] {manager.py:1065} INFO - Finding 'running' jobs without a recent heartbeat
[2022-03-17 19:48:38,389] {manager.py:1069} INFO - Failing jobs without heartbeat after 2022-03-17 19:43:38.389482+00:00
[2022-03-17 19:49:04,348] {manager.py:1065} INFO - Finding 'running' jobs without a recent heartbeat
[2022-03-17 19:49:04,350] {manager.py:1069} INFO - Failing jobs without heartbeat after 2022-03-17 19:44:04.350371+00:00
[2022-03-17 19:49:04,565] {manager.py:784} INFO - 
================================================================================
DAG File Processing Stats

File Path              PID    Runtime      # DAGs    # Errors  Last Runtime    Last Run
---------------------  -----  ---------  --------  ----------  --------------  -------------------
/airflow/dags/demo.py                           1           0  0.21s           2022-03-17T19:49:04
================================================================================
[2022-03-17 19:49:14,446] {manager.py:1065} INFO - Finding 'running' jobs without a recent heartbeat
[2022-03-17 19:49:14,453] {manager.py:1069} INFO - Failing jobs without heartbeat after 2022-03-17 19:44:14.453123+00:00
[2022-03-17 19:49:24,700] {manager.py:1065} INFO - Finding 'running' jobs without a recent heartbeat
[2022-03-17 19:49:24,705] {manager.py:1069} INFO - Failing jobs without heartbeat after 2022-03-17 19:44:24.705565+00:00
[2022-03-17 19:49:34,890] {manager.py:1065} INFO - Finding 'running' jobs without a recent heartbeat
[2022-03-17 19:49:34,894] {manager.py:1069} INFO - Failing jobs without heartbeat after 2022-03-17 19:44:34.894027+00:00
[2022-03-17 19:49:35,131] {manager.py:784} INFO - 
================================================================================
DAG File Processing Stats

File Path              PID    Runtime      # DAGs    # Errors  Last Runtime    Last Run
---------------------  -----  ---------  --------  ----------  --------------  -------------------
/airflow/dags/demo.py                           1           0  0.23s           2022-03-17T19:49:35
================================================================================
[2022-03-17 19:49:43,916] {manager.py:663} INFO - Searching for files in /airflow/dags
[2022-03-17 19:49:43,924] {manager.py:666} INFO - There are 1 files in /airflow/dags
[2022-03-17 19:49:44,997] {manager.py:1065} INFO - Finding 'running' jobs without a recent heartbeat
[2022-03-17 19:49:44,999] {manager.py:1069} INFO - Failing jobs without heartbeat after 2022-03-17 19:44:44.999766+00:00
[2022-03-17 19:49:55,465] {manager.py:1065} INFO - Finding 'running' jobs without a recent heartbeat
[2022-03-17 19:49:55,469] {manager.py:1069} INFO - Failing jobs without heartbeat after 2022-03-17 19:44:55.469018+00:00
[2022-03-17 19:50:05,569] {manager.py:1065} INFO - Finding 'running' jobs without a recent heartbeat
[2022-03-17 19:50:05,572] {manager.py:1069} INFO - Failing jobs without heartbeat after 2022-03-17 19:45:05.572009+00:00
[2022-03-17 19:50:05,686] {manager.py:784} INFO - 
================================================================================
DAG File Processing Stats

File Path              PID    Runtime      # DAGs    # Errors  Last Runtime    Last Run
---------------------  -----  ---------  --------  ----------  --------------  -------------------
/airflow/dags/demo.py                           1           0  0.10s           2022-03-17T19:50:05
================================================================================
[2022-03-17 19:50:15,859] {manager.py:1065} INFO - Finding 'running' jobs without a recent heartbeat
[2022-03-17 19:50:15,863] {manager.py:1069} INFO - Failing jobs without heartbeat after 2022-03-17 19:45:15.863529+00:00
[2022-03-17 19:50:26,052] {manager.py:1065} INFO - Finding 'running' jobs without a recent heartbeat
[2022-03-17 19:50:26,055] {manager.py:1069} INFO - Failing jobs without heartbeat after 2022-03-17 19:45:26.055141+00:00
[2022-03-17 19:50:35,671] {manager.py:784} INFO - 
================================================================================
DAG File Processing Stats

File Path              PID    Runtime      # DAGs    # Errors  Last Runtime    Last Run
---------------------  -----  ---------  --------  ----------  --------------  -------------------
/airflow/dags/demo.py                           1           0  0.10s           2022-03-17T19:50:05
================================================================================
[2022-03-17 19:50:36,246] {manager.py:1065} INFO - Finding 'running' jobs without a recent heartbeat
[2022-03-17 19:50:36,248] {manager.py:1069} INFO - Failing jobs without heartbeat after 2022-03-17 19:45:36.248379+00:00
[2022-03-17 19:50:46,679] {manager.py:1065} INFO - Finding 'running' jobs without a recent heartbeat
[2022-03-17 19:50:46,680] {manager.py:1069} INFO - Failing jobs without heartbeat after 2022-03-17 19:45:46.680663+00:00
[2022-03-17 19:50:56,836] {manager.py:1065} INFO - Finding 'running' jobs without a recent heartbeat
[2022-03-17 19:50:56,838] {manager.py:1069} INFO - Failing jobs without heartbeat after 2022-03-17 19:45:56.838706+00:00
[2022-03-17 19:51:05,778] {manager.py:784} INFO - 
================================================================================
DAG File Processing Stats

File Path              PID    Runtime      # DAGs    # Errors  Last Runtime    Last Run
---------------------  -----  ---------  --------  ----------  --------------  -------------------
/airflow/dags/demo.py                           1           0  0.20s           2022-03-17T19:50:36
================================================================================
[2022-03-17 19:51:07,032] {manager.py:1065} INFO - Finding 'running' jobs without a recent heartbeat
[2022-03-17 19:51:07,035] {manager.py:1069} INFO - Failing jobs without heartbeat after 2022-03-17 19:46:07.035130+00:00
[2022-03-17 19:51:17,224] {manager.py:1065} INFO - Finding 'running' jobs without a recent heartbeat
[2022-03-17 19:51:17,226] {manager.py:1069} INFO - Failing jobs without heartbeat after 2022-03-17 19:46:17.226747+00:00
[2022-03-17 19:51:27,431] {manager.py:1065} INFO - Finding 'running' jobs without a recent heartbeat
[2022-03-17 19:51:27,434] {manager.py:1069} INFO - Failing jobs without heartbeat after 2022-03-17 19:46:27.434399+00:00
[2022-03-17 19:51:35,878] {manager.py:784} INFO - 
================================================================================
DAG File Processing Stats

File Path              PID    Runtime      # DAGs    # Errors  Last Runtime    Last Run
---------------------  -----  ---------  --------  ----------  --------------  -------------------
/airflow/dags/demo.py                           1           0  0.10s           2022-03-17T19:51:06
================================================================================
[2022-03-17 19:51:37,622] {manager.py:1065} INFO - Finding 'running' jobs without a recent heartbeat
[2022-03-17 19:51:37,623] {manager.py:1069} INFO - Failing jobs without heartbeat after 2022-03-17 19:46:37.623484+00:00
[2022-03-17 19:51:47,817] {manager.py:1065} INFO - Finding 'running' jobs without a recent heartbeat
[2022-03-17 19:51:47,822] {manager.py:1069} INFO - Failing jobs without heartbeat after 2022-03-17 19:46:47.822136+00:00
[2022-03-17 19:51:58,004] {manager.py:1065} INFO - Finding 'running' jobs without a recent heartbeat
[2022-03-17 19:51:58,006] {manager.py:1069} INFO - Failing jobs without heartbeat after 2022-03-17 19:46:58.006723+00:00
[2022-03-17 19:52:05,984] {manager.py:784} INFO - 
================================================================================
DAG File Processing Stats

File Path              PID    Runtime      # DAGs    # Errors  Last Runtime    Last Run
---------------------  -----  ---------  --------  ----------  --------------  -------------------
/airflow/dags/demo.py                           1           0  0.11s           2022-03-17T19:51:37
================================================================================
[2022-03-17 19:52:08,214] {manager.py:1065} INFO - Finding 'running' jobs without a recent heartbeat
[2022-03-17 19:52:08,215] {manager.py:1069} INFO - Failing jobs without heartbeat after 2022-03-17 19:47:08.215583+00:00
[2022-03-17 19:52:30,835] {manager.py:1065} INFO - Finding 'running' jobs without a recent heartbeat
[2022-03-17 19:52:30,837] {manager.py:1069} INFO - Failing jobs without heartbeat after 2022-03-17 19:47:30.837394+00:00
[2022-03-17 19:52:36,940] {manager.py:784} INFO - 
================================================================================
DAG File Processing Stats

File Path              PID    Runtime      # DAGs    # Errors  Last Runtime    Last Run
---------------------  -----  ---------  --------  ----------  --------------  -------------------
/airflow/dags/demo.py                           1           0  0.20s           2022-03-17T19:52:07
================================================================================
[2022-03-17 19:52:40,938] {manager.py:1065} INFO - Finding 'running' jobs without a recent heartbeat
[2022-03-17 19:52:40,941] {manager.py:1069} INFO - Failing jobs without heartbeat after 2022-03-17 19:47:40.941480+00:00
[2022-03-17 19:52:51,111] {manager.py:1065} INFO - Finding 'running' jobs without a recent heartbeat
[2022-03-17 19:52:51,113] {manager.py:1069} INFO - Failing jobs without heartbeat after 2022-03-17 19:47:51.113248+00:00
[2022-03-17 19:53:01,305] {manager.py:1065} INFO - Finding 'running' jobs without a recent heartbeat
[2022-03-17 19:53:01,308] {manager.py:1069} INFO - Failing jobs without heartbeat after 2022-03-17 19:48:01.308381+00:00
[2022-03-17 19:53:07,492] {manager.py:784} INFO - 
================================================================================
DAG File Processing Stats

File Path              PID    Runtime      # DAGs    # Errors  Last Runtime    Last Run
---------------------  -----  ---------  --------  ----------  --------------  -------------------
/airflow/dags/demo.py                           1           0  0.21s           2022-03-17T19:52:38
================================================================================
[2022-03-17 19:53:11,490] {manager.py:1065} INFO - Finding 'running' jobs without a recent heartbeat
[2022-03-17 19:53:11,493] {manager.py:1069} INFO - Failing jobs without heartbeat after 2022-03-17 19:48:11.493088+00:00
[2022-03-17 19:53:21,661] {manager.py:1065} INFO - Finding 'running' jobs without a recent heartbeat
[2022-03-17 19:53:21,666] {manager.py:1069} INFO - Failing jobs without heartbeat after 2022-03-17 19:48:21.665991+00:00
[2022-03-17 19:54:06,512] {manager.py:1065} INFO - Finding 'running' jobs without a recent heartbeat
[2022-03-17 19:54:06,515] {manager.py:1069} INFO - Failing jobs without heartbeat after 2022-03-17 19:49:06.515311+00:00
[2022-03-17 19:54:06,733] {manager.py:784} INFO - 
================================================================================
DAG File Processing Stats

File Path              PID    Runtime      # DAGs    # Errors  Last Runtime    Last Run
---------------------  -----  ---------  --------  ----------  --------------  -------------------
/airflow/dags/demo.py                           1           0  0.21s           2022-03-17T19:54:06
================================================================================
[2022-03-17 19:54:16,652] {manager.py:1065} INFO - Finding 'running' jobs without a recent heartbeat
[2022-03-17 19:54:16,655] {manager.py:1069} INFO - Failing jobs without heartbeat after 2022-03-17 19:49:16.655176+00:00
[2022-03-17 19:54:26,847] {manager.py:1065} INFO - Finding 'running' jobs without a recent heartbeat
[2022-03-17 19:54:26,849] {manager.py:1069} INFO - Failing jobs without heartbeat after 2022-03-17 19:49:26.849661+00:00
[2022-03-17 19:54:37,096] {manager.py:1065} INFO - Finding 'running' jobs without a recent heartbeat
[2022-03-17 19:54:37,100] {manager.py:1069} INFO - Failing jobs without heartbeat after 2022-03-17 19:49:37.100049+00:00
[2022-03-17 19:54:37,319] {manager.py:784} INFO - 
================================================================================
DAG File Processing Stats

File Path              PID    Runtime      # DAGs    # Errors  Last Runtime    Last Run
---------------------  -----  ---------  --------  ----------  --------------  -------------------
/airflow/dags/demo.py                           1           0  0.20s           2022-03-17T19:54:37
================================================================================
[2022-03-17 19:54:44,834] {manager.py:663} INFO - Searching for files in /airflow/dags
[2022-03-17 19:54:44,844] {manager.py:666} INFO - There are 1 files in /airflow/dags
[2022-03-17 19:54:47,527] {manager.py:1065} INFO - Finding 'running' jobs without a recent heartbeat
[2022-03-17 19:54:47,529] {manager.py:1069} INFO - Failing jobs without heartbeat after 2022-03-17 19:49:47.529516+00:00
[2022-03-17 19:54:57,705] {manager.py:1065} INFO - Finding 'running' jobs without a recent heartbeat
[2022-03-17 19:54:57,708] {manager.py:1069} INFO - Failing jobs without heartbeat after 2022-03-17 19:49:57.708760+00:00
[2022-03-17 19:55:07,915] {manager.py:784} INFO - 
================================================================================
DAG File Processing Stats

File Path              PID    Runtime      # DAGs    # Errors  Last Runtime    Last Run
---------------------  -----  ---------  --------  ----------  --------------  -------------------
/airflow/dags/demo.py                           1           0  0.21s           2022-03-17T19:55:07
================================================================================
[2022-03-17 19:55:09,016] {manager.py:1065} INFO - Finding 'running' jobs without a recent heartbeat
[2022-03-17 19:55:09,019] {manager.py:1069} INFO - Failing jobs without heartbeat after 2022-03-17 19:50:09.019122+00:00
[2022-03-17 19:55:19,279] {manager.py:1065} INFO - Finding 'running' jobs without a recent heartbeat
[2022-03-17 19:55:19,282] {manager.py:1069} INFO - Failing jobs without heartbeat after 2022-03-17 19:50:19.282394+00:00
[2022-03-17 19:55:29,496] {manager.py:1065} INFO - Finding 'running' jobs without a recent heartbeat
[2022-03-17 19:55:29,499] {manager.py:1069} INFO - Failing jobs without heartbeat after 2022-03-17 19:50:29.499703+00:00
[2022-03-17 19:55:38,813] {manager.py:784} INFO - 
================================================================================
DAG File Processing Stats

File Path              PID    Runtime      # DAGs    # Errors  Last Runtime    Last Run
---------------------  -----  ---------  --------  ----------  --------------  -------------------
/airflow/dags/demo.py                           1           0  0.20s           2022-03-17T19:55:38
================================================================================
[2022-03-17 19:55:39,919] {manager.py:1065} INFO - Finding 'running' jobs without a recent heartbeat
[2022-03-17 19:55:39,924] {manager.py:1069} INFO - Failing jobs without heartbeat after 2022-03-17 19:50:39.924145+00:00
[2022-03-17 19:55:50,115] {manager.py:1065} INFO - Finding 'running' jobs without a recent heartbeat
[2022-03-17 19:55:50,118] {manager.py:1069} INFO - Failing jobs without heartbeat after 2022-03-17 19:50:50.118366+00:00
[2022-03-17 19:56:00,359] {manager.py:1065} INFO - Finding 'running' jobs without a recent heartbeat
[2022-03-17 19:56:00,362] {manager.py:1069} INFO - Failing jobs without heartbeat after 2022-03-17 19:51:00.362176+00:00
[2022-03-17 19:56:09,258] {manager.py:784} INFO - 
================================================================================
DAG File Processing Stats

File Path              PID    Runtime      # DAGs    # Errors  Last Runtime    Last Run
---------------------  -----  ---------  --------  ----------  --------------  -------------------
/airflow/dags/demo.py                           1           0  0.20s           2022-03-17T19:56:09
================================================================================
[2022-03-17 19:56:10,574] {manager.py:1065} INFO - Finding 'running' jobs without a recent heartbeat
[2022-03-17 19:56:10,577] {manager.py:1069} INFO - Failing jobs without heartbeat after 2022-03-17 19:51:10.577290+00:00
[2022-03-17 19:56:20,762] {manager.py:1065} INFO - Finding 'running' jobs without a recent heartbeat
[2022-03-17 19:56:20,766] {manager.py:1069} INFO - Failing jobs without heartbeat after 2022-03-17 19:51:20.765974+00:00
[2022-03-17 19:56:31,037] {manager.py:1065} INFO - Finding 'running' jobs without a recent heartbeat
[2022-03-17 19:56:31,039] {manager.py:1069} INFO - Failing jobs without heartbeat after 2022-03-17 19:51:31.039149+00:00
[2022-03-17 19:56:40,354] {manager.py:784} INFO - 
================================================================================
DAG File Processing Stats

File Path              PID    Runtime      # DAGs    # Errors  Last Runtime    Last Run
---------------------  -----  ---------  --------  ----------  --------------  -------------------
/airflow/dags/demo.py                           1           0  0.20s           2022-03-17T19:56:40
================================================================================
[2022-03-17 19:56:41,510] {manager.py:1065} INFO - Finding 'running' jobs without a recent heartbeat
[2022-03-17 19:56:41,513] {manager.py:1069} INFO - Failing jobs without heartbeat after 2022-03-17 19:51:41.513514+00:00
[2022-03-17 19:56:51,715] {manager.py:1065} INFO - Finding 'running' jobs without a recent heartbeat
[2022-03-17 19:56:51,719] {manager.py:1069} INFO - Failing jobs without heartbeat after 2022-03-17 19:51:51.719143+00:00
[2022-03-17 19:57:01,919] {manager.py:1065} INFO - Finding 'running' jobs without a recent heartbeat
[2022-03-17 19:57:01,921] {manager.py:1069} INFO - Failing jobs without heartbeat after 2022-03-17 19:52:01.921548+00:00
[2022-03-17 19:57:11,241] {manager.py:784} INFO - 
================================================================================
DAG File Processing Stats

File Path              PID    Runtime      # DAGs    # Errors  Last Runtime    Last Run
---------------------  -----  ---------  --------  ----------  --------------  -------------------
/airflow/dags/demo.py                           1           0  0.21s           2022-03-17T19:57:11
================================================================================
[2022-03-17 19:57:12,353] {manager.py:1065} INFO - Finding 'running' jobs without a recent heartbeat
[2022-03-17 19:57:12,355] {manager.py:1069} INFO - Failing jobs without heartbeat after 2022-03-17 19:52:12.355582+00:00
[2022-03-17 19:57:23,235] {manager.py:1065} INFO - Finding 'running' jobs without a recent heartbeat
[2022-03-17 19:57:23,250] {manager.py:1069} INFO - Failing jobs without heartbeat after 2022-03-17 19:52:23.250859+00:00
[2022-03-17 19:57:33,780] {manager.py:1065} INFO - Finding 'running' jobs without a recent heartbeat
[2022-03-17 19:57:33,782] {manager.py:1069} INFO - Failing jobs without heartbeat after 2022-03-17 19:52:33.782723+00:00
[2022-03-17 19:57:41,679] {manager.py:784} INFO - 
================================================================================
DAG File Processing Stats

File Path              PID    Runtime      # DAGs    # Errors  Last Runtime    Last Run
---------------------  -----  ---------  --------  ----------  --------------  -------------------
/airflow/dags/demo.py                           1           0  0.20s           2022-03-17T19:57:41
================================================================================
[2022-03-17 19:57:44,004] {manager.py:1065} INFO - Finding 'running' jobs without a recent heartbeat
[2022-03-17 19:57:44,007] {manager.py:1069} INFO - Failing jobs without heartbeat after 2022-03-17 19:52:44.007812+00:00
[2022-03-17 19:57:54,383] {manager.py:1065} INFO - Finding 'running' jobs without a recent heartbeat
[2022-03-17 19:57:54,388] {manager.py:1069} INFO - Failing jobs without heartbeat after 2022-03-17 19:52:54.388879+00:00
[2022-03-17 19:58:04,441] {manager.py:1065} INFO - Finding 'running' jobs without a recent heartbeat
[2022-03-17 19:58:04,445] {manager.py:1069} INFO - Failing jobs without heartbeat after 2022-03-17 19:53:04.445426+00:00
[2022-03-17 19:58:12,640] {manager.py:784} INFO - 
================================================================================
DAG File Processing Stats

File Path              PID    Runtime      # DAGs    # Errors  Last Runtime    Last Run
---------------------  -----  ---------  --------  ----------  --------------  -------------------
/airflow/dags/demo.py                           1           0  0.20s           2022-03-17T19:58:12
================================================================================
[2022-03-17 19:58:14,817] {manager.py:1065} INFO - Finding 'running' jobs without a recent heartbeat
[2022-03-17 19:58:14,820] {manager.py:1069} INFO - Failing jobs without heartbeat after 2022-03-17 19:53:14.820132+00:00
[2022-03-17 19:58:24,983] {manager.py:1065} INFO - Finding 'running' jobs without a recent heartbeat
[2022-03-17 19:58:24,986] {manager.py:1069} INFO - Failing jobs without heartbeat after 2022-03-17 19:53:24.986302+00:00
[2022-03-17 19:58:35,199] {manager.py:1065} INFO - Finding 'running' jobs without a recent heartbeat
[2022-03-17 19:58:35,202] {manager.py:1069} INFO - Failing jobs without heartbeat after 2022-03-17 19:53:35.202871+00:00
[2022-03-17 19:58:43,453] {manager.py:784} INFO - 
================================================================================
DAG File Processing Stats

File Path              PID    Runtime      # DAGs    # Errors  Last Runtime    Last Run
---------------------  -----  ---------  --------  ----------  --------------  -------------------
/airflow/dags/demo.py                           1           0  0.20s           2022-03-17T19:58:43
================================================================================
[2022-03-17 19:58:45,617] {manager.py:1065} INFO - Finding 'running' jobs without a recent heartbeat
[2022-03-17 19:58:45,619] {manager.py:1069} INFO - Failing jobs without heartbeat after 2022-03-17 19:53:45.618973+00:00
[2022-03-17 19:58:55,787] {manager.py:1065} INFO - Finding 'running' jobs without a recent heartbeat
[2022-03-17 19:58:55,790] {manager.py:1069} INFO - Failing jobs without heartbeat after 2022-03-17 19:53:55.790437+00:00
[2022-03-17 19:59:05,990] {manager.py:1065} INFO - Finding 'running' jobs without a recent heartbeat
[2022-03-17 19:59:05,994] {manager.py:1069} INFO - Failing jobs without heartbeat after 2022-03-17 19:54:05.994106+00:00
[2022-03-17 19:59:14,252] {manager.py:784} INFO - 
================================================================================
DAG File Processing Stats

File Path              PID    Runtime      # DAGs    # Errors  Last Runtime    Last Run
---------------------  -----  ---------  --------  ----------  --------------  -------------------
/airflow/dags/demo.py                           1           0  0.21s           2022-03-17T19:59:14
================================================================================
[2022-03-17 19:59:16,443] {manager.py:1065} INFO - Finding 'running' jobs without a recent heartbeat
[2022-03-17 19:59:16,446] {manager.py:1069} INFO - Failing jobs without heartbeat after 2022-03-17 19:54:16.446218+00:00
[2022-03-17 19:59:26,630] {manager.py:1065} INFO - Finding 'running' jobs without a recent heartbeat
[2022-03-17 19:59:26,633] {manager.py:1069} INFO - Failing jobs without heartbeat after 2022-03-17 19:54:26.633817+00:00
[2022-03-17 19:59:36,872] {manager.py:1065} INFO - Finding 'running' jobs without a recent heartbeat
[2022-03-17 19:59:36,875] {manager.py:1069} INFO - Failing jobs without heartbeat after 2022-03-17 19:54:36.875507+00:00
[2022-03-17 19:59:44,790] {manager.py:784} INFO - 
================================================================================
DAG File Processing Stats

File Path              PID    Runtime      # DAGs    # Errors  Last Runtime    Last Run
---------------------  -----  ---------  --------  ----------  --------------  -------------------
/airflow/dags/demo.py                           1           0  0.20s           2022-03-17T19:59:44
================================================================================
[2022-03-17 19:59:44,906] {manager.py:663} INFO - Searching for files in /airflow/dags
[2022-03-17 19:59:44,915] {manager.py:666} INFO - There are 1 files in /airflow/dags
[2022-03-17 19:59:47,175] {manager.py:1065} INFO - Finding 'running' jobs without a recent heartbeat
[2022-03-17 19:59:47,178] {manager.py:1069} INFO - Failing jobs without heartbeat after 2022-03-17 19:54:47.178808+00:00
[2022-03-17 19:59:57,366] {manager.py:1065} INFO - Finding 'running' jobs without a recent heartbeat
[2022-03-17 19:59:57,370] {manager.py:1069} INFO - Failing jobs without heartbeat after 2022-03-17 19:54:57.370487+00:00
[2022-03-17 20:00:07,570] {manager.py:1065} INFO - Finding 'running' jobs without a recent heartbeat
[2022-03-17 20:00:07,573] {manager.py:1069} INFO - Failing jobs without heartbeat after 2022-03-17 19:55:07.573628+00:00
[2022-03-17 20:00:15,021] {manager.py:784} INFO - 
================================================================================
DAG File Processing Stats

File Path              PID    Runtime      # DAGs    # Errors  Last Runtime    Last Run
---------------------  -----  ---------  --------  ----------  --------------  -------------------
/airflow/dags/demo.py                           1           0  0.20s           2022-03-17T20:00:15
================================================================================
[2022-03-17 20:00:17,796] {manager.py:1065} INFO - Finding 'running' jobs without a recent heartbeat
[2022-03-17 20:00:17,798] {manager.py:1069} INFO - Failing jobs without heartbeat after 2022-03-17 19:55:17.798753+00:00
[2022-03-17 20:00:27,983] {manager.py:1065} INFO - Finding 'running' jobs without a recent heartbeat
[2022-03-17 20:00:27,986] {manager.py:1069} INFO - Failing jobs without heartbeat after 2022-03-17 19:55:27.986778+00:00
[2022-03-17 20:00:38,946] {manager.py:1065} INFO - Finding 'running' jobs without a recent heartbeat
[2022-03-17 20:00:38,949] {manager.py:1069} INFO - Failing jobs without heartbeat after 2022-03-17 19:55:38.949401+00:00
[2022-03-17 20:00:45,663] {manager.py:784} INFO - 
================================================================================
DAG File Processing Stats

File Path              PID    Runtime      # DAGs    # Errors  Last Runtime    Last Run
---------------------  -----  ---------  --------  ----------  --------------  -------------------
/airflow/dags/demo.py                           1           0  0.21s           2022-03-17T20:00:45
================================================================================
[2022-03-17 20:00:49,502] {manager.py:1065} INFO - Finding 'running' jobs without a recent heartbeat
[2022-03-17 20:00:49,505] {manager.py:1069} INFO - Failing jobs without heartbeat after 2022-03-17 19:55:49.505278+00:00
[2022-03-17 20:00:59,756] {manager.py:1065} INFO - Finding 'running' jobs without a recent heartbeat
[2022-03-17 20:00:59,776] {manager.py:1069} INFO - Failing jobs without heartbeat after 2022-03-17 19:55:59.776265+00:00
[2022-03-18 02:34:59,847] {manager.py:514} INFO - Processing files using up to 1 processes at a time 
[2022-03-18 02:34:59,848] {manager.py:515} INFO - Process each file at most once every 30 seconds
[2022-03-18 02:34:59,850] {manager.py:516} INFO - Checking for new files in /airflow/dags every 300 seconds
[2022-03-18 02:34:59,853] {manager.py:663} INFO - Searching for files in /airflow/dags
[2022-03-18 02:34:59,862] {manager.py:666} INFO - There are 1 files in /airflow/dags
[2022-03-18 02:34:59,952] {manager.py:1065} INFO - Finding 'running' jobs without a recent heartbeat
[2022-03-18 02:34:59,954] {manager.py:1069} INFO - Failing jobs without heartbeat after 2022-03-18 02:29:59.954382+00:00
[2022-03-18 02:35:00,183] {manager.py:784} INFO - 
================================================================================
DAG File Processing Stats

File Path              PID    Runtime      # DAGs    # Errors  Last Runtime    Last Run
---------------------  -----  ---------  --------  ----------  --------------  -------------------
/airflow/dags/demo.py                           1           0  0.20s           2022-03-18T02:35:00
================================================================================
[2022-03-18 02:35:10,154] {manager.py:1065} INFO - Finding 'running' jobs without a recent heartbeat
[2022-03-18 02:35:10,156] {manager.py:1069} INFO - Failing jobs without heartbeat after 2022-03-18 02:30:10.156125+00:00
[2022-03-18 02:35:20,459] {manager.py:1065} INFO - Finding 'running' jobs without a recent heartbeat
[2022-03-18 02:35:20,463] {manager.py:1069} INFO - Failing jobs without heartbeat after 2022-03-18 02:30:20.463172+00:00
[2022-03-18 02:35:30,871] {manager.py:1065} INFO - Finding 'running' jobs without a recent heartbeat
[2022-03-18 02:35:30,872] {manager.py:1069} INFO - Failing jobs without heartbeat after 2022-03-18 02:30:30.872265+00:00
[2022-03-18 02:35:31,087] {manager.py:784} INFO - 
================================================================================
DAG File Processing Stats

File Path              PID    Runtime      # DAGs    # Errors  Last Runtime    Last Run
---------------------  -----  ---------  --------  ----------  --------------  -------------------
/airflow/dags/demo.py                           1           0  0.20s           2022-03-18T02:35:31
================================================================================
[2022-03-18 02:35:40,931] {manager.py:1065} INFO - Finding 'running' jobs without a recent heartbeat
[2022-03-18 02:35:40,935] {manager.py:1069} INFO - Failing jobs without heartbeat after 2022-03-18 02:30:40.935434+00:00
[2022-03-18 02:37:03,283] {manager.py:514} INFO - Processing files using up to 1 processes at a time 
[2022-03-18 02:37:03,284] {manager.py:515} INFO - Process each file at most once every 30 seconds
[2022-03-18 02:37:03,285] {manager.py:516} INFO - Checking for new files in /airflow/dags every 300 seconds
[2022-03-18 02:37:03,286] {manager.py:663} INFO - Searching for files in /airflow/dags
[2022-03-18 02:37:03,297] {manager.py:666} INFO - There are 1 files in /airflow/dags
[2022-03-18 02:37:03,402] {manager.py:1065} INFO - Finding 'running' jobs without a recent heartbeat
[2022-03-18 02:37:03,403] {manager.py:1069} INFO - Failing jobs without heartbeat after 2022-03-18 02:32:03.403687+00:00
[2022-03-18 02:37:03,625] {manager.py:784} INFO - 
================================================================================
DAG File Processing Stats

File Path              PID    Runtime      # DAGs    # Errors  Last Runtime    Last Run
---------------------  -----  ---------  --------  ----------  --------------  -------------------
/airflow/dags/demo.py                           1           0  0.20s           2022-03-18T02:37:03
================================================================================
[2022-03-18 02:37:14,655] {manager.py:1065} INFO - Finding 'running' jobs without a recent heartbeat
[2022-03-18 02:37:14,658] {manager.py:1069} INFO - Failing jobs without heartbeat after 2022-03-18 02:32:14.658491+00:00
[2022-03-18 02:37:31,747] {manager.py:1065} INFO - Finding 'running' jobs without a recent heartbeat
[2022-03-18 02:37:31,749] {manager.py:1069} INFO - Failing jobs without heartbeat after 2022-03-18 02:32:31.749092+00:00
[2022-03-18 02:37:34,760] {manager.py:784} INFO - 
================================================================================
DAG File Processing Stats

File Path              PID    Runtime      # DAGs    # Errors  Last Runtime    Last Run
---------------------  -----  ---------  --------  ----------  --------------  -------------------
/airflow/dags/demo.py                           1           0  0.20s           2022-03-18T02:37:34
================================================================================
[2022-03-18 02:37:41,816] {manager.py:1065} INFO - Finding 'running' jobs without a recent heartbeat
[2022-03-18 02:37:41,818] {manager.py:1069} INFO - Failing jobs without heartbeat after 2022-03-18 02:32:41.818824+00:00
[2022-03-18 02:37:52,065] {manager.py:1065} INFO - Finding 'running' jobs without a recent heartbeat
[2022-03-18 02:37:52,068] {manager.py:1069} INFO - Failing jobs without heartbeat after 2022-03-18 02:32:52.068316+00:00
[2022-03-18 02:38:02,337] {manager.py:1065} INFO - Finding 'running' jobs without a recent heartbeat
[2022-03-18 02:38:02,347] {manager.py:1069} INFO - Failing jobs without heartbeat after 2022-03-18 02:33:02.346981+00:00
[2022-03-18 02:38:05,878] {manager.py:784} INFO - 
================================================================================
DAG File Processing Stats

File Path              PID    Runtime      # DAGs    # Errors  Last Runtime    Last Run
---------------------  -----  ---------  --------  ----------  --------------  -------------------
/airflow/dags/demo.py                           1           0  0.20s           2022-03-18T02:38:05
================================================================================
[2022-03-18 02:38:12,613] {manager.py:1065} INFO - Finding 'running' jobs without a recent heartbeat
[2022-03-18 02:38:12,616] {manager.py:1069} INFO - Failing jobs without heartbeat after 2022-03-18 02:33:12.616404+00:00
[2022-03-18 02:38:22,829] {manager.py:1065} INFO - Finding 'running' jobs without a recent heartbeat
[2022-03-18 02:38:22,831] {manager.py:1069} INFO - Failing jobs without heartbeat after 2022-03-18 02:33:22.831268+00:00
[2022-03-18 02:43:09,906] {manager.py:514} INFO - Processing files using up to 1 processes at a time 
[2022-03-18 02:43:09,907] {manager.py:515} INFO - Process each file at most once every 30 seconds
[2022-03-18 02:43:09,908] {manager.py:516} INFO - Checking for new files in /airflow/dags every 300 seconds
[2022-03-18 02:43:09,909] {manager.py:663} INFO - Searching for files in /airflow/dags
[2022-03-18 02:43:09,917] {manager.py:666} INFO - There are 1 files in /airflow/dags
[2022-03-18 02:43:10,065] {manager.py:1065} INFO - Finding 'running' jobs without a recent heartbeat
[2022-03-18 02:43:10,068] {manager.py:1069} INFO - Failing jobs without heartbeat after 2022-03-18 02:38:10.068353+00:00
[2022-03-18 02:43:10,301] {manager.py:784} INFO - 
================================================================================
DAG File Processing Stats

File Path              PID    Runtime      # DAGs    # Errors  Last Runtime    Last Run
---------------------  -----  ---------  --------  ----------  --------------  -------------------
/airflow/dags/demo.py                           1           0  0.20s           2022-03-18T02:43:10
================================================================================
[2022-03-18 02:43:21,239] {manager.py:1065} INFO - Finding 'running' jobs without a recent heartbeat
[2022-03-18 02:43:21,242] {manager.py:1069} INFO - Failing jobs without heartbeat after 2022-03-18 02:38:21.242653+00:00
[2022-03-18 02:50:06,345] {manager.py:495} INFO - Exiting gracefully upon receiving signal 15
[2022-03-18 02:50:06,507] {manager.py:514} INFO - Processing files using up to 1 processes at a time 
[2022-03-18 02:50:06,509] {manager.py:515} INFO - Process each file at most once every 30 seconds
[2022-03-18 02:50:06,511] {manager.py:516} INFO - Checking for new files in /airflow/dags every 300 seconds
[2022-03-18 02:50:06,513] {manager.py:663} INFO - Searching for files in /airflow/dags
[2022-03-18 02:50:06,531] {manager.py:666} INFO - There are 1 files in /airflow/dags
[2022-03-18 02:50:06,617] {manager.py:1065} INFO - Finding 'running' jobs without a recent heartbeat
[2022-03-18 02:50:06,618] {manager.py:1069} INFO - Failing jobs without heartbeat after 2022-03-18 02:45:06.618745+00:00
[2022-03-18 02:50:06,841] {manager.py:784} INFO - 
================================================================================
DAG File Processing Stats

File Path              PID    Runtime      # DAGs    # Errors  Last Runtime    Last Run
---------------------  -----  ---------  --------  ----------  --------------  -------------------
/airflow/dags/demo.py                           1           0  0.20s           2022-03-18T02:50:06
================================================================================
[2022-03-18 02:50:16,644] {manager.py:1065} INFO - Finding 'running' jobs without a recent heartbeat
[2022-03-18 02:50:16,647] {manager.py:1069} INFO - Failing jobs without heartbeat after 2022-03-18 02:45:16.647134+00:00
[2022-03-18 02:50:26,856] {manager.py:1065} INFO - Finding 'running' jobs without a recent heartbeat
[2022-03-18 02:50:26,859] {manager.py:1069} INFO - Failing jobs without heartbeat after 2022-03-18 02:45:26.859044+00:00
[2022-03-18 02:50:37,077] {manager.py:1065} INFO - Finding 'running' jobs without a recent heartbeat
[2022-03-18 02:50:37,080] {manager.py:1069} INFO - Failing jobs without heartbeat after 2022-03-18 02:45:37.080510+00:00
[2022-03-18 02:50:37,299] {manager.py:784} INFO - 
================================================================================
DAG File Processing Stats

File Path              PID    Runtime      # DAGs    # Errors  Last Runtime    Last Run
---------------------  -----  ---------  --------  ----------  --------------  -------------------
/airflow/dags/demo.py                           1           0  0.20s           2022-03-18T02:50:37
================================================================================
[2022-03-18 02:50:47,519] {manager.py:1065} INFO - Finding 'running' jobs without a recent heartbeat
[2022-03-18 02:50:47,522] {manager.py:1069} INFO - Failing jobs without heartbeat after 2022-03-18 02:45:47.522610+00:00
[2022-03-18 02:50:57,838] {manager.py:1065} INFO - Finding 'running' jobs without a recent heartbeat
[2022-03-18 02:50:57,840] {manager.py:1069} INFO - Failing jobs without heartbeat after 2022-03-18 02:45:57.840720+00:00
[2022-03-18 02:53:07,944] {manager.py:514} INFO - Processing files using up to 1 processes at a time 
[2022-03-18 02:53:07,945] {manager.py:515} INFO - Process each file at most once every 30 seconds
[2022-03-18 02:53:07,947] {manager.py:516} INFO - Checking for new files in /airflow/dags every 300 seconds
[2022-03-18 02:53:07,948] {manager.py:663} INFO - Searching for files in /airflow/dags
[2022-03-18 02:53:07,956] {manager.py:666} INFO - There are 1 files in /airflow/dags
[2022-03-18 02:53:08,012] {manager.py:1065} INFO - Finding 'running' jobs without a recent heartbeat
[2022-03-18 02:53:08,013] {manager.py:1069} INFO - Failing jobs without heartbeat after 2022-03-18 02:48:08.013835+00:00
[2022-03-18 02:53:08,234] {manager.py:784} INFO - 
================================================================================
DAG File Processing Stats

File Path              PID    Runtime      # DAGs    # Errors  Last Runtime    Last Run
---------------------  -----  ---------  --------  ----------  --------------  -------------------
/airflow/dags/demo.py                           1           0  0.20s           2022-03-18T02:53:08
================================================================================
[2022-03-18 02:53:18,042] {manager.py:1065} INFO - Finding 'running' jobs without a recent heartbeat
[2022-03-18 02:53:18,044] {manager.py:1069} INFO - Failing jobs without heartbeat after 2022-03-18 02:48:18.044873+00:00
[2022-03-18 02:53:28,289] {manager.py:1065} INFO - Finding 'running' jobs without a recent heartbeat
[2022-03-18 02:53:28,292] {manager.py:1069} INFO - Failing jobs without heartbeat after 2022-03-18 02:48:28.292571+00:00
[2022-03-18 02:53:42,874] {manager.py:1065} INFO - Finding 'running' jobs without a recent heartbeat
[2022-03-18 02:53:42,876] {manager.py:1069} INFO - Failing jobs without heartbeat after 2022-03-18 02:48:42.876042+00:00
[2022-03-18 02:53:43,090] {manager.py:784} INFO - 
================================================================================
DAG File Processing Stats

File Path              PID    Runtime      # DAGs    # Errors  Last Runtime    Last Run
---------------------  -----  ---------  --------  ----------  --------------  -------------------
/airflow/dags/demo.py                           1           0  0.20s           2022-03-18T02:53:43
================================================================================
[2022-03-18 02:53:52,971] {manager.py:1065} INFO - Finding 'running' jobs without a recent heartbeat
[2022-03-18 02:53:52,974] {manager.py:1069} INFO - Failing jobs without heartbeat after 2022-03-18 02:48:52.974573+00:00
[2022-03-18 02:54:03,224] {manager.py:1065} INFO - Finding 'running' jobs without a recent heartbeat
[2022-03-18 02:54:03,226] {manager.py:1069} INFO - Failing jobs without heartbeat after 2022-03-18 02:49:03.226272+00:00
[2022-03-18 02:57:52,817] {manager.py:514} INFO - Processing files using up to 1 processes at a time 
[2022-03-18 02:57:52,819] {manager.py:515} INFO - Process each file at most once every 30 seconds
[2022-03-18 02:57:52,821] {manager.py:516} INFO - Checking for new files in /airflow/dags every 300 seconds
[2022-03-18 02:57:52,822] {manager.py:663} INFO - Searching for files in /airflow/dags
[2022-03-18 02:57:52,838] {manager.py:666} INFO - There are 1 files in /airflow/dags
[2022-03-18 02:57:52,891] {manager.py:1065} INFO - Finding 'running' jobs without a recent heartbeat
[2022-03-18 02:57:52,893] {manager.py:1069} INFO - Failing jobs without heartbeat after 2022-03-18 02:52:52.893311+00:00
[2022-03-18 02:57:53,115] {manager.py:784} INFO - 
================================================================================
DAG File Processing Stats

File Path              PID    Runtime      # DAGs    # Errors  Last Runtime    Last Run
---------------------  -----  ---------  --------  ----------  --------------  -------------------
/airflow/dags/demo.py                           1           0  0.20s           2022-03-18T02:57:53
================================================================================
[2022-03-18 02:58:02,931] {manager.py:1065} INFO - Finding 'running' jobs without a recent heartbeat
[2022-03-18 02:58:02,935] {manager.py:1069} INFO - Failing jobs without heartbeat after 2022-03-18 02:53:02.935252+00:00
[2022-03-18 02:58:13,250] {manager.py:1065} INFO - Finding 'running' jobs without a recent heartbeat
[2022-03-18 02:58:13,254] {manager.py:1069} INFO - Failing jobs without heartbeat after 2022-03-18 02:53:13.253919+00:00
[2022-03-18 02:58:23,796] {manager.py:1065} INFO - Finding 'running' jobs without a recent heartbeat
[2022-03-18 02:58:23,798] {manager.py:1069} INFO - Failing jobs without heartbeat after 2022-03-18 02:53:23.798109+00:00
[2022-03-18 02:58:23,915] {manager.py:784} INFO - 
================================================================================
DAG File Processing Stats

File Path              PID    Runtime      # DAGs    # Errors  Last Runtime    Last Run
---------------------  -----  ---------  --------  ----------  --------------  -------------------
/airflow/dags/demo.py                           1           0  0.11s           2022-03-18T02:58:23
================================================================================
[2022-03-18 02:58:33,898] {manager.py:1065} INFO - Finding 'running' jobs without a recent heartbeat
[2022-03-18 02:58:33,901] {manager.py:1069} INFO - Failing jobs without heartbeat after 2022-03-18 02:53:33.901199+00:00
[2022-03-18 02:58:44,080] {manager.py:1065} INFO - Finding 'running' jobs without a recent heartbeat
[2022-03-18 02:58:44,082] {manager.py:1069} INFO - Failing jobs without heartbeat after 2022-03-18 02:53:44.082480+00:00
[2022-03-18 03:22:51,661] {manager.py:514} INFO - Processing files using up to 1 processes at a time 
[2022-03-18 03:22:51,662] {manager.py:515} INFO - Process each file at most once every 30 seconds
[2022-03-18 03:22:51,666] {manager.py:516} INFO - Checking for new files in /airflow/dags every 300 seconds
[2022-03-18 03:22:51,668] {manager.py:663} INFO - Searching for files in /airflow/dags
[2022-03-18 03:22:51,677] {manager.py:666} INFO - There are 1 files in /airflow/dags
[2022-03-18 03:22:51,745] {manager.py:1065} INFO - Finding 'running' jobs without a recent heartbeat
[2022-03-18 03:22:51,746] {manager.py:1069} INFO - Failing jobs without heartbeat after 2022-03-18 03:17:51.746939+00:00
[2022-03-18 03:22:51,971] {manager.py:784} INFO - 
================================================================================
DAG File Processing Stats

File Path              PID    Runtime      # DAGs    # Errors  Last Runtime    Last Run
---------------------  -----  ---------  --------  ----------  --------------  -------------------
/airflow/dags/demo.py                           1           0  0.20s           2022-03-18T03:22:51
================================================================================
[2022-03-18 03:23:01,790] {manager.py:1065} INFO - Finding 'running' jobs without a recent heartbeat
[2022-03-18 03:23:01,792] {manager.py:1069} INFO - Failing jobs without heartbeat after 2022-03-18 03:18:01.792765+00:00
[2022-03-18 03:23:12,064] {manager.py:1065} INFO - Finding 'running' jobs without a recent heartbeat
[2022-03-18 03:23:12,067] {manager.py:1069} INFO - Failing jobs without heartbeat after 2022-03-18 03:18:12.067134+00:00
[2022-03-18 03:42:45,451] {manager.py:495} INFO - Exiting gracefully upon receiving signal 15
[2022-03-18 03:42:45,627] {manager.py:514} INFO - Processing files using up to 1 processes at a time 
[2022-03-18 03:42:45,629] {manager.py:515} INFO - Process each file at most once every 30 seconds
[2022-03-18 03:42:45,633] {manager.py:516} INFO - Checking for new files in /airflow/dags every 300 seconds
[2022-03-18 03:42:45,637] {manager.py:663} INFO - Searching for files in /airflow/dags
[2022-03-18 03:42:45,649] {manager.py:666} INFO - There are 1 files in /airflow/dags
[2022-03-18 03:42:45,734] {manager.py:1065} INFO - Finding 'running' jobs without a recent heartbeat
[2022-03-18 03:42:45,736] {manager.py:1069} INFO - Failing jobs without heartbeat after 2022-03-18 03:37:45.736683+00:00
[2022-03-18 03:42:45,965] {manager.py:784} INFO - 
================================================================================
DAG File Processing Stats

File Path              PID    Runtime      # DAGs    # Errors  Last Runtime    Last Run
---------------------  -----  ---------  --------  ----------  --------------  -------------------
/airflow/dags/demo.py                           1           0  0.21s           2022-03-18T03:42:45
================================================================================
[2022-03-18 03:42:55,757] {manager.py:1065} INFO - Finding 'running' jobs without a recent heartbeat
[2022-03-18 03:42:55,761] {manager.py:1069} INFO - Failing jobs without heartbeat after 2022-03-18 03:37:55.761310+00:00
[2022-03-18 03:43:05,996] {manager.py:1065} INFO - Finding 'running' jobs without a recent heartbeat
[2022-03-18 03:43:05,999] {manager.py:1069} INFO - Failing jobs without heartbeat after 2022-03-18 03:38:05.999094+00:00
[2022-03-18 03:43:16,257] {manager.py:1065} INFO - Finding 'running' jobs without a recent heartbeat
[2022-03-18 03:43:16,259] {manager.py:1069} INFO - Failing jobs without heartbeat after 2022-03-18 03:38:16.259428+00:00
[2022-03-18 03:43:16,475] {manager.py:784} INFO - 
================================================================================
DAG File Processing Stats

File Path              PID    Runtime      # DAGs    # Errors  Last Runtime    Last Run
---------------------  -----  ---------  --------  ----------  --------------  -------------------
/airflow/dags/demo.py                           1           0  0.20s           2022-03-18T03:43:16
================================================================================
[2022-03-18 03:43:26,677] {manager.py:1065} INFO - Finding 'running' jobs without a recent heartbeat
[2022-03-18 03:43:26,679] {manager.py:1069} INFO - Failing jobs without heartbeat after 2022-03-18 03:38:26.679174+00:00
[2022-03-18 03:43:36,937] {manager.py:1065} INFO - Finding 'running' jobs without a recent heartbeat
[2022-03-18 03:43:36,940] {manager.py:1069} INFO - Failing jobs without heartbeat after 2022-03-18 03:38:36.940041+00:00
[2022-03-18 03:43:47,137] {manager.py:784} INFO - 
================================================================================
DAG File Processing Stats

File Path              PID    Runtime      # DAGs    # Errors  Last Runtime    Last Run
---------------------  -----  ---------  --------  ----------  --------------  -------------------
/airflow/dags/demo.py                           1           0  0.21s           2022-03-18T03:43:47
================================================================================
[2022-03-18 03:43:48,265] {manager.py:1065} INFO - Finding 'running' jobs without a recent heartbeat
[2022-03-18 03:43:48,271] {manager.py:1069} INFO - Failing jobs without heartbeat after 2022-03-18 03:38:48.271637+00:00
[2022-03-18 03:43:58,497] {manager.py:1065} INFO - Finding 'running' jobs without a recent heartbeat
[2022-03-18 03:43:58,500] {manager.py:1069} INFO - Failing jobs without heartbeat after 2022-03-18 03:38:58.500027+00:00
[2022-03-18 03:44:08,743] {manager.py:1065} INFO - Finding 'running' jobs without a recent heartbeat
[2022-03-18 03:44:08,745] {manager.py:1069} INFO - Failing jobs without heartbeat after 2022-03-18 03:39:08.745631+00:00
[2022-03-18 03:44:18,062] {manager.py:784} INFO - 
================================================================================
DAG File Processing Stats

File Path              PID    Runtime      # DAGs    # Errors  Last Runtime    Last Run
---------------------  -----  ---------  --------  ----------  --------------  -------------------
/airflow/dags/demo.py                           1           0  0.21s           2022-03-18T03:44:18
================================================================================
[2022-03-18 03:44:19,167] {manager.py:1065} INFO - Finding 'running' jobs without a recent heartbeat
[2022-03-18 03:44:19,169] {manager.py:1069} INFO - Failing jobs without heartbeat after 2022-03-18 03:39:19.169605+00:00
[2022-03-18 03:44:29,373] {manager.py:1065} INFO - Finding 'running' jobs without a recent heartbeat
[2022-03-18 03:44:29,377] {manager.py:1069} INFO - Failing jobs without heartbeat after 2022-03-18 03:39:29.377485+00:00
[2022-03-18 03:44:39,679] {manager.py:1065} INFO - Finding 'running' jobs without a recent heartbeat
[2022-03-18 03:44:39,680] {manager.py:1069} INFO - Failing jobs without heartbeat after 2022-03-18 03:39:39.680947+00:00
[2022-03-18 03:44:48,412] {manager.py:784} INFO - 
================================================================================
DAG File Processing Stats

File Path              PID    Runtime      # DAGs    # Errors  Last Runtime    Last Run
---------------------  -----  ---------  --------  ----------  --------------  -------------------
/airflow/dags/demo.py                           1           0  0.21s           2022-03-18T03:44:48
================================================================================
[2022-03-18 03:44:49,945] {manager.py:1065} INFO - Finding 'running' jobs without a recent heartbeat
[2022-03-18 03:44:49,948] {manager.py:1069} INFO - Failing jobs without heartbeat after 2022-03-18 03:39:49.948848+00:00
[2022-03-18 03:45:00,207] {manager.py:1065} INFO - Finding 'running' jobs without a recent heartbeat
[2022-03-18 03:45:00,210] {manager.py:1069} INFO - Failing jobs without heartbeat after 2022-03-18 03:40:00.210724+00:00
[2022-03-18 03:45:10,463] {manager.py:1065} INFO - Finding 'running' jobs without a recent heartbeat
[2022-03-18 03:45:10,466] {manager.py:1069} INFO - Failing jobs without heartbeat after 2022-03-18 03:40:10.466201+00:00
[2022-03-18 03:45:19,585] {manager.py:784} INFO - 
================================================================================
DAG File Processing Stats

File Path              PID    Runtime      # DAGs    # Errors  Last Runtime    Last Run
---------------------  -----  ---------  --------  ----------  --------------  -------------------
/airflow/dags/demo.py                           1           0  0.21s           2022-03-18T03:45:19
================================================================================
[2022-03-18 03:45:20,669] {manager.py:1065} INFO - Finding 'running' jobs without a recent heartbeat
[2022-03-18 03:45:20,671] {manager.py:1069} INFO - Failing jobs without heartbeat after 2022-03-18 03:40:20.671764+00:00
[2022-03-18 03:45:30,925] {manager.py:1065} INFO - Finding 'running' jobs without a recent heartbeat
[2022-03-18 03:45:30,929] {manager.py:1069} INFO - Failing jobs without heartbeat after 2022-03-18 03:40:30.928986+00:00
[2022-03-18 03:45:41,150] {manager.py:1065} INFO - Finding 'running' jobs without a recent heartbeat
[2022-03-18 03:45:41,153] {manager.py:1069} INFO - Failing jobs without heartbeat after 2022-03-18 03:40:41.153837+00:00
[2022-03-18 03:45:50,427] {manager.py:784} INFO - 
================================================================================
DAG File Processing Stats

File Path              PID    Runtime      # DAGs    # Errors  Last Runtime    Last Run
---------------------  -----  ---------  --------  ----------  --------------  -------------------
/airflow/dags/demo.py                           1           0  0.20s           2022-03-18T03:45:50
================================================================================
[2022-03-18 03:45:51,544] {manager.py:1065} INFO - Finding 'running' jobs without a recent heartbeat
[2022-03-18 03:45:51,546] {manager.py:1069} INFO - Failing jobs without heartbeat after 2022-03-18 03:40:51.546664+00:00
[2022-03-18 03:46:02,367] {manager.py:1065} INFO - Finding 'running' jobs without a recent heartbeat
[2022-03-18 03:46:02,370] {manager.py:1069} INFO - Failing jobs without heartbeat after 2022-03-18 03:41:02.370574+00:00
[2022-03-18 03:46:13,063] {manager.py:1065} INFO - Finding 'running' jobs without a recent heartbeat
[2022-03-18 03:46:13,065] {manager.py:1069} INFO - Failing jobs without heartbeat after 2022-03-18 03:41:13.065285+00:00
[2022-03-18 03:46:20,817] {manager.py:784} INFO - 
================================================================================
DAG File Processing Stats

File Path              PID    Runtime      # DAGs    # Errors  Last Runtime    Last Run
---------------------  -----  ---------  --------  ----------  --------------  -------------------
/airflow/dags/demo.py                           1           0  0.21s           2022-03-18T03:46:20
================================================================================
[2022-03-18 03:46:23,264] {manager.py:1065} INFO - Finding 'running' jobs without a recent heartbeat
[2022-03-18 03:46:23,266] {manager.py:1069} INFO - Failing jobs without heartbeat after 2022-03-18 03:41:23.266357+00:00
[2022-03-18 03:46:33,494] {manager.py:1065} INFO - Finding 'running' jobs without a recent heartbeat
[2022-03-18 03:46:33,497] {manager.py:1069} INFO - Failing jobs without heartbeat after 2022-03-18 03:41:33.497522+00:00
[2022-03-18 03:46:43,715] {manager.py:1065} INFO - Finding 'running' jobs without a recent heartbeat
[2022-03-18 03:46:43,718] {manager.py:1069} INFO - Failing jobs without heartbeat after 2022-03-18 03:41:43.718021+00:00
[2022-03-18 03:46:51,114] {manager.py:784} INFO - 
================================================================================
DAG File Processing Stats

File Path              PID    Runtime      # DAGs    # Errors  Last Runtime    Last Run
---------------------  -----  ---------  --------  ----------  --------------  -------------------
/airflow/dags/demo.py                           1           0  0.21s           2022-03-18T03:46:51
================================================================================
[2022-03-18 03:46:53,893] {manager.py:1065} INFO - Finding 'running' jobs without a recent heartbeat
[2022-03-18 03:46:53,895] {manager.py:1069} INFO - Failing jobs without heartbeat after 2022-03-18 03:41:53.895779+00:00
[2022-03-18 03:47:04,125] {manager.py:1065} INFO - Finding 'running' jobs without a recent heartbeat
[2022-03-18 03:47:04,127] {manager.py:1069} INFO - Failing jobs without heartbeat after 2022-03-18 03:42:04.127587+00:00
[2022-03-18 03:47:14,351] {manager.py:1065} INFO - Finding 'running' jobs without a recent heartbeat
[2022-03-18 03:47:14,354] {manager.py:1069} INFO - Failing jobs without heartbeat after 2022-03-18 03:42:14.354359+00:00
[2022-03-18 03:47:21,758] {manager.py:784} INFO - 
================================================================================
DAG File Processing Stats

File Path              PID    Runtime      # DAGs    # Errors  Last Runtime    Last Run
---------------------  -----  ---------  --------  ----------  --------------  -------------------
/airflow/dags/demo.py                           1           0  0.20s           2022-03-18T03:47:21
================================================================================
[2022-03-18 03:47:24,555] {manager.py:1065} INFO - Finding 'running' jobs without a recent heartbeat
[2022-03-18 03:47:24,558] {manager.py:1069} INFO - Failing jobs without heartbeat after 2022-03-18 03:42:24.558847+00:00
[2022-03-18 03:47:34,772] {manager.py:1065} INFO - Finding 'running' jobs without a recent heartbeat
[2022-03-18 03:47:34,775] {manager.py:1069} INFO - Failing jobs without heartbeat after 2022-03-18 03:42:34.775605+00:00
[2022-03-18 03:47:45,034] {manager.py:1065} INFO - Finding 'running' jobs without a recent heartbeat
[2022-03-18 03:47:45,037] {manager.py:1069} INFO - Failing jobs without heartbeat after 2022-03-18 03:42:45.037260+00:00
[2022-03-18 03:47:46,462] {manager.py:663} INFO - Searching for files in /airflow/dags
[2022-03-18 03:47:46,471] {manager.py:666} INFO - There are 1 files in /airflow/dags
[2022-03-18 03:47:52,431] {manager.py:784} INFO - 
================================================================================
DAG File Processing Stats

File Path              PID    Runtime      # DAGs    # Errors  Last Runtime    Last Run
---------------------  -----  ---------  --------  ----------  --------------  -------------------
/airflow/dags/demo.py                           1           0  0.20s           2022-03-18T03:47:52
================================================================================
[2022-03-18 03:47:55,222] {manager.py:1065} INFO - Finding 'running' jobs without a recent heartbeat
[2022-03-18 03:47:55,226] {manager.py:1069} INFO - Failing jobs without heartbeat after 2022-03-18 03:42:55.226019+00:00
[2022-03-18 03:48:05,461] {manager.py:1065} INFO - Finding 'running' jobs without a recent heartbeat
[2022-03-18 03:48:05,464] {manager.py:1069} INFO - Failing jobs without heartbeat after 2022-03-18 03:43:05.464584+00:00
[2022-03-18 03:48:15,668] {manager.py:1065} INFO - Finding 'running' jobs without a recent heartbeat
[2022-03-18 03:48:15,670] {manager.py:1069} INFO - Failing jobs without heartbeat after 2022-03-18 03:43:15.670721+00:00
